This file contains any messages produced by compilers while
running configure, to aid debugging if configure makes a mistake.

It was created by MPFR configure 4.1.0, which was
generated by GNU Autoconf 2.69.  Invocation command line was

  $ ./configure 

## --------- ##
## Platform. ##
## --------- ##

hostname = gnye8-IdeaPad-Flex-5-14ARE05
uname -m = x86_64
uname -r = 5.11.0-37-generic
uname -s = Linux
uname -v = #41~20.04.2-Ubuntu SMP Fri Sep 24 09:06:38 UTC 2021

/usr/bin/uname -p = x86_64
/bin/uname -X     = unknown

/bin/arch              = x86_64
/usr/bin/arch -k       = unknown
/usr/convex/getsysinfo = unknown
/usr/bin/hostinfo      = unknown
/bin/machine           = unknown
/usr/bin/oslevel       = unknown
/bin/universe          = unknown

PATH: /home/gnye8/anaconda3/bin
PATH: /home/gnye8/anaconda3/condabin
PATH: /usr/local/sbin
PATH: /usr/local/bin
PATH: /usr/sbin
PATH: /usr/bin
PATH: /sbin
PATH: /bin
PATH: /usr/games
PATH: /usr/local/games
PATH: /snap/bin


## ----------- ##
## Core tests. ##
## ----------- ##

configure:2677: checking for a BSD-compatible install
configure:2745: result: /usr/bin/install -c
configure:2756: checking whether build environment is sane
configure:2811: result: yes
configure:2960: checking for a thread-safe mkdir -p
configure:2999: result: /usr/bin/mkdir -p
configure:3006: checking for gawk
configure:3036: result: no
configure:3006: checking for mawk
configure:3022: found /usr/bin/mawk
configure:3033: result: mawk
configure:3044: checking whether make sets $(MAKE)
configure:3066: result: yes
configure:3095: checking whether make supports nested variables
configure:3112: result: yes
configure:3230: checking whether to enable maintainer-specific portions of Makefiles
configure:3239: result: yes
configure:3267: checking build system type
configure:3281: result: x86_64-pc-linux-gnu
configure:3301: checking host system type
configure:3314: result: x86_64-pc-linux-gnu
configure:3335: checking for grep that handles long lines and -e
configure:3393: result: /usr/bin/grep
configure:3398: checking for egrep
configure:3460: result: /usr/bin/grep -E
configure:3465: checking for a sed that does not truncate output
configure:3529: result: /usr/bin/sed
configure:3931: checking whether configure options are compatible
configure:3954: result: yes
configure:3967: checking for CC and CFLAGS in gmp.h
configure:4000: result: CC=x86_64-linux-gnu-gcc CFLAGS=-g -O2 -fdebug-prefix-map=/build/gmp-xrY6Wh/gmp-6.2.0+dfsg=. -fstack-protector-strong -Wformat -Werror=format-security -O3
configure:4006: checking for CC=x86_64-linux-gnu-gcc and CFLAGS=-g -O2 -fdebug-prefix-map=/build/gmp-xrY6Wh/gmp-6.2.0+dfsg=. -fstack-protector-strong -Wformat -Werror=format-security -O3
configure:4010: result: yes
configure:4072: checking for gcc
configure:4099: result: x86_64-linux-gnu-gcc
configure:4328: checking for C compiler version
configure:4337: x86_64-linux-gnu-gcc --version >&5
x86_64-linux-gnu-gcc (Ubuntu 9.3.0-17ubuntu1~20.04) 9.3.0
Copyright (C) 2019 Free Software Foundation, Inc.
This is free software; see the source for copying conditions.  There is NO
warranty; not even for MERCHANTABILITY or FITNESS FOR A PARTICULAR PURPOSE.

configure:4348: $? = 0
configure:4337: x86_64-linux-gnu-gcc -v >&5
Using built-in specs.
COLLECT_GCC=x86_64-linux-gnu-gcc
COLLECT_LTO_WRAPPER=/usr/lib/gcc/x86_64-linux-gnu/9/lto-wrapper
OFFLOAD_TARGET_NAMES=nvptx-none:hsa
OFFLOAD_TARGET_DEFAULT=1
Target: x86_64-linux-gnu
Configured with: ../src/configure -v --with-pkgversion='Ubuntu 9.3.0-17ubuntu1~20.04' --with-bugurl=file:///usr/share/doc/gcc-9/README.Bugs --enable-languages=c,ada,c++,go,brig,d,fortran,objc,obj-c++,gm2 --prefix=/usr --with-gcc-major-version-only --program-suffix=-9 --program-prefix=x86_64-linux-gnu- --enable-shared --enable-linker-build-id --libexecdir=/usr/lib --without-included-gettext --enable-threads=posix --libdir=/usr/lib --enable-nls --enable-clocale=gnu --enable-libstdcxx-debug --enable-libstdcxx-time=yes --with-default-libstdcxx-abi=new --enable-gnu-unique-object --disable-vtable-verify --enable-plugin --enable-default-pie --with-system-zlib --with-target-system-zlib=auto --enable-objc-gc=auto --enable-multiarch --disable-werror --with-arch-32=i686 --with-abi=m64 --with-multilib-list=m32,m64,mx32 --enable-multilib --with-tune=generic --enable-offload-targets=nvptx-none=/build/gcc-9-HskZEa/gcc-9-9.3.0/debian/tmp-nvptx/usr,hsa --without-cuda-driver --enable-checking=release --build=x86_64-linux-gnu --host=x86_64-linux-gnu --target=x86_64-linux-gnu
Thread model: posix
gcc version 9.3.0 (Ubuntu 9.3.0-17ubuntu1~20.04) 
configure:4348: $? = 0
configure:4337: x86_64-linux-gnu-gcc -V >&5
x86_64-linux-gnu-gcc: error: unrecognized command line option '-V'
x86_64-linux-gnu-gcc: fatal error: no input files
compilation terminated.
configure:4348: $? = 1
configure:4337: x86_64-linux-gnu-gcc -qversion >&5
x86_64-linux-gnu-gcc: error: unrecognized command line option '-qversion'; did you mean '--version'?
x86_64-linux-gnu-gcc: fatal error: no input files
compilation terminated.
configure:4348: $? = 1
configure:4368: checking whether the C compiler works
configure:4390: x86_64-linux-gnu-gcc -g -O2 -fdebug-prefix-map=/build/gmp-xrY6Wh/gmp-6.2.0+dfsg=. -fstack-protector-strong -Wformat -Werror=format-security -O3   conftest.c  >&5
configure:4394: $? = 0
configure:4442: result: yes
configure:4445: checking for C compiler default output file name
configure:4447: result: a.out
configure:4453: checking for suffix of executables
configure:4460: x86_64-linux-gnu-gcc -o conftest -g -O2 -fdebug-prefix-map=/build/gmp-xrY6Wh/gmp-6.2.0+dfsg=. -fstack-protector-strong -Wformat -Werror=format-security -O3   conftest.c  >&5
configure:4464: $? = 0
configure:4486: result: 
configure:4508: checking whether we are cross compiling
configure:4516: x86_64-linux-gnu-gcc -o conftest -g -O2 -fdebug-prefix-map=/build/gmp-xrY6Wh/gmp-6.2.0+dfsg=. -fstack-protector-strong -Wformat -Werror=format-security -O3   conftest.c  >&5
configure:4520: $? = 0
configure:4527: ./conftest
configure:4531: $? = 0
configure:4519: result: no
configure:4524: checking for suffix of object files
configure:4546: x86_64-linux-gnu-gcc -c -g -O2 -fdebug-prefix-map=/build/gmp-xrY6Wh/gmp-6.2.0+dfsg=. -fstack-protector-strong -Wformat -Werror=format-security -O3  conftest.c >&5
configure:4550: $? = 0
configure:4571: result: o
configure:4575: checking whether we are using the GNU C compiler
configure:4594: x86_64-linux-gnu-gcc -c -g -O2 -fdebug-prefix-map=/build/gmp-xrY6Wh/gmp-6.2.0+dfsg=. -fstack-protector-strong -Wformat -Werror=format-security -O3  conftest.c >&5
configure:4594: $? = 0
configure:4603: result: yes
configure:4612: checking whether x86_64-linux-gnu-gcc accepts -g
configure:4632: x86_64-linux-gnu-gcc -c -g  conftest.c >&5
configure:4632: $? = 0
configure:4673: result: yes
configure:4690: checking for x86_64-linux-gnu-gcc option to accept ISO C89
configure:4753: x86_64-linux-gnu-gcc  -c -g -O2 -fdebug-prefix-map=/build/gmp-xrY6Wh/gmp-6.2.0+dfsg=. -fstack-protector-strong -Wformat -Werror=format-security -O3  conftest.c >&5
configure:4753: $? = 0
configure:4766: result: none needed
configure:4791: checking whether x86_64-linux-gnu-gcc understands -c and -o together
configure:4813: x86_64-linux-gnu-gcc -c conftest.c -o conftest2.o
configure:4816: $? = 0
configure:4813: x86_64-linux-gnu-gcc -c conftest.c -o conftest2.o
configure:4816: $? = 0
configure:4828: result: yes
configure:4848: checking whether make supports the include directive
configure:4863: make -f confmf.GNU && cat confinc.out
this is the am__doit target
configure:4866: $? = 0
configure:4885: result: yes (GNU style)
configure:4910: checking dependency style of x86_64-linux-gnu-gcc
configure:5021: result: gcc3
configure:5041: checking how to run the C preprocessor
configure:5072: x86_64-linux-gnu-gcc -E  conftest.c
configure:5072: $? = 0
configure:5086: x86_64-linux-gnu-gcc -E  conftest.c
conftest.c:9:10: fatal error: ac_nonexistent.h: No such file or directory
    9 | #include <ac_nonexistent.h>
      |          ^~~~~~~~~~~~~~~~~~
compilation terminated.
configure:5086: $? = 1
configure: failed program was:
| /* confdefs.h */
| #define PACKAGE_NAME "MPFR"
| #define PACKAGE_TARNAME "mpfr"
| #define PACKAGE_VERSION "4.1.0"
| #define PACKAGE_STRING "MPFR 4.1.0"
| #define PACKAGE_BUGREPORT ""
| #define PACKAGE_URL ""
| /* end confdefs.h.  */
| #include <ac_nonexistent.h>
configure:5111: result: x86_64-linux-gnu-gcc -E
configure:5131: x86_64-linux-gnu-gcc -E  conftest.c
configure:5131: $? = 0
configure:5145: x86_64-linux-gnu-gcc -E  conftest.c
conftest.c:9:10: fatal error: ac_nonexistent.h: No such file or directory
    9 | #include <ac_nonexistent.h>
      |          ^~~~~~~~~~~~~~~~~~
compilation terminated.
configure:5145: $? = 1
configure: failed program was:
| /* confdefs.h */
| #define PACKAGE_NAME "MPFR"
| #define PACKAGE_TARNAME "mpfr"
| #define PACKAGE_VERSION "4.1.0"
| #define PACKAGE_STRING "MPFR 4.1.0"
| #define PACKAGE_BUGREPORT ""
| #define PACKAGE_URL ""
| /* end confdefs.h.  */
| #include <ac_nonexistent.h>
configure:5230: checking for ar
configure:5246: found /usr/bin/ar
configure:5257: result: ar
configure:5283: checking the archiver (ar) interface
configure:5299: x86_64-linux-gnu-gcc -c -g -O2 -fdebug-prefix-map=/build/gmp-xrY6Wh/gmp-6.2.0+dfsg=. -fstack-protector-strong -Wformat -Werror=format-security -O3  conftest.c >&5
configure:5299: $? = 0
configure:5301: ar cru libconftest.a conftest.o >&5
ar: `u' modifier ignored since `D' is the default (see `U')
configure:5304: $? = 0
configure:5303: result: ar
configure:5370: checking how to print strings
configure:5397: result: printf
configure:5418: checking for a sed that does not truncate output
configure:5482: result: /usr/bin/sed
configure:5500: checking for fgrep
configure:5562: result: /usr/bin/grep -F
configure:5597: checking for ld used by x86_64-linux-gnu-gcc
configure:5664: result: /usr/bin/ld
configure:5671: checking if the linker (/usr/bin/ld) is GNU ld
configure:5686: result: yes
configure:5698: checking for BSD- or MS-compatible name lister (nm)
configure:5752: result: /usr/bin/nm -B
configure:5882: checking the name lister (/usr/bin/nm -B) interface
configure:5889: x86_64-linux-gnu-gcc -c -g -O2 -fdebug-prefix-map=/build/gmp-xrY6Wh/gmp-6.2.0+dfsg=. -fstack-protector-strong -Wformat -Werror=format-security -O3  conftest.c >&5
configure:5892: /usr/bin/nm -B "conftest.o"
configure:5895: output
0000000000000000 B some_variable
configure:5896: result: BSD nm
configure:5899: checking whether ln -s works
configure:5903: result: yes
configure:5911: checking the maximum length of command line arguments
configure:6042: result: 1572864
configure:6090: checking how to convert x86_64-pc-linux-gnu file names to x86_64-pc-linux-gnu format
configure:6130: result: func_convert_file_noop
configure:6137: checking how to convert x86_64-pc-linux-gnu file names to toolchain format
configure:6157: result: func_convert_file_noop
configure:6164: checking for /usr/bin/ld option to reload object files
configure:6171: result: -r
configure:6245: checking for objdump
configure:6261: found /usr/bin/objdump
configure:6272: result: objdump
configure:6301: checking how to recognize dependent libraries
configure:6501: result: pass_all
configure:6586: checking for dlltool
configure:6616: result: no
configure:6643: checking how to associate runtime and link libraries
configure:6670: result: printf %s\n
configure:6794: checking for archiver @FILE support
configure:6811: x86_64-linux-gnu-gcc -c -g -O2 -fdebug-prefix-map=/build/gmp-xrY6Wh/gmp-6.2.0+dfsg=. -fstack-protector-strong -Wformat -Werror=format-security -O3  conftest.c >&5
configure:6811: $? = 0
configure:6814: ar cr libconftest.a @conftest.lst >&5
configure:6817: $? = 0
configure:6822: ar cr libconftest.a @conftest.lst >&5
ar: conftest.o: No such file or directory
configure:6825: $? = 1
configure:6824: result: @
configure:6882: checking for strip
configure:6898: found /usr/bin/strip
configure:6909: result: strip
configure:6981: checking for ranlib
configure:6997: found /usr/bin/ranlib
configure:7008: result: ranlib
configure:7110: checking command to parse /usr/bin/nm -B output from x86_64-linux-gnu-gcc object
configure:7263: x86_64-linux-gnu-gcc -c -g -O2 -fdebug-prefix-map=/build/gmp-xrY6Wh/gmp-6.2.0+dfsg=. -fstack-protector-strong -Wformat -Werror=format-security -O3  conftest.c >&5
configure:7266: $? = 0
configure:7270: /usr/bin/nm -B conftest.o | sed -n -e 's/^.*[	 ]\([ABCDGIRSTW][ABCDGIRSTW]*\)[	 ][	 ]*\([_A-Za-z][_A-Za-z0-9]*\)$/\1 \2 \2/p' | sed '/ __gnu_lto/d' > conftest.nm
configure:7336: x86_64-linux-gnu-gcc -o conftest -g -O2 -fdebug-prefix-map=/build/gmp-xrY6Wh/gmp-6.2.0+dfsg=. -fstack-protector-strong -Wformat -Werror=format-security -O3   conftest.c conftstm.o >&5
configure:7339: $? = 0
configure:7377: result: ok
configure:7424: checking for sysroot
configure:7454: result: no
configure:7461: checking for a working dd
configure:7499: result: /usr/bin/dd
configure:7503: checking how to truncate binary pipes
configure:7518: result: /usr/bin/dd bs=4096 count=1
configure:7654: x86_64-linux-gnu-gcc -c -g -O2 -fdebug-prefix-map=/build/gmp-xrY6Wh/gmp-6.2.0+dfsg=. -fstack-protector-strong -Wformat -Werror=format-security -O3  conftest.c >&5
configure:7657: $? = 0
configure:7847: checking for mt
configure:7863: found /usr/bin/mt
configure:7874: result: mt
configure:7897: checking if mt is a manifest tool
configure:7903: mt '-?'
configure:7911: result: no
configure:8584: checking for ANSI C header files
configure:8604: x86_64-linux-gnu-gcc -c -g -O2 -fdebug-prefix-map=/build/gmp-xrY6Wh/gmp-6.2.0+dfsg=. -fstack-protector-strong -Wformat -Werror=format-security -O3  conftest.c >&5
configure:8604: $? = 0
configure:8677: x86_64-linux-gnu-gcc -o conftest -g -O2 -fdebug-prefix-map=/build/gmp-xrY6Wh/gmp-6.2.0+dfsg=. -fstack-protector-strong -Wformat -Werror=format-security -O3   conftest.c  >&5
configure:8677: $? = 0
configure:8677: ./conftest
configure:8677: $? = 0
configure:8688: result: yes
configure:8701: checking for sys/types.h
configure:8701: x86_64-linux-gnu-gcc -c -g -O2 -fdebug-prefix-map=/build/gmp-xrY6Wh/gmp-6.2.0+dfsg=. -fstack-protector-strong -Wformat -Werror=format-security -O3  conftest.c >&5
configure:8701: $? = 0
configure:8701: result: yes
configure:8701: checking for sys/stat.h
configure:8701: x86_64-linux-gnu-gcc -c -g -O2 -fdebug-prefix-map=/build/gmp-xrY6Wh/gmp-6.2.0+dfsg=. -fstack-protector-strong -Wformat -Werror=format-security -O3  conftest.c >&5
configure:8701: $? = 0
configure:8701: result: yes
configure:8701: checking for stdlib.h
configure:8701: x86_64-linux-gnu-gcc -c -g -O2 -fdebug-prefix-map=/build/gmp-xrY6Wh/gmp-6.2.0+dfsg=. -fstack-protector-strong -Wformat -Werror=format-security -O3  conftest.c >&5
configure:8701: $? = 0
configure:8701: result: yes
configure:8701: checking for string.h
configure:8701: x86_64-linux-gnu-gcc -c -g -O2 -fdebug-prefix-map=/build/gmp-xrY6Wh/gmp-6.2.0+dfsg=. -fstack-protector-strong -Wformat -Werror=format-security -O3  conftest.c >&5
configure:8701: $? = 0
configure:8701: result: yes
configure:8701: checking for memory.h
configure:8701: x86_64-linux-gnu-gcc -c -g -O2 -fdebug-prefix-map=/build/gmp-xrY6Wh/gmp-6.2.0+dfsg=. -fstack-protector-strong -Wformat -Werror=format-security -O3  conftest.c >&5
configure:8701: $? = 0
configure:8701: result: yes
configure:8701: checking for strings.h
configure:8701: x86_64-linux-gnu-gcc -c -g -O2 -fdebug-prefix-map=/build/gmp-xrY6Wh/gmp-6.2.0+dfsg=. -fstack-protector-strong -Wformat -Werror=format-security -O3  conftest.c >&5
configure:8701: $? = 0
configure:8701: result: yes
configure:8701: checking for inttypes.h
configure:8701: x86_64-linux-gnu-gcc -c -g -O2 -fdebug-prefix-map=/build/gmp-xrY6Wh/gmp-6.2.0+dfsg=. -fstack-protector-strong -Wformat -Werror=format-security -O3  conftest.c >&5
configure:8701: $? = 0
configure:8701: result: yes
configure:8701: checking for stdint.h
configure:8701: x86_64-linux-gnu-gcc -c -g -O2 -fdebug-prefix-map=/build/gmp-xrY6Wh/gmp-6.2.0+dfsg=. -fstack-protector-strong -Wformat -Werror=format-security -O3  conftest.c >&5
configure:8701: $? = 0
configure:8701: result: yes
configure:8701: checking for unistd.h
configure:8701: x86_64-linux-gnu-gcc -c -g -O2 -fdebug-prefix-map=/build/gmp-xrY6Wh/gmp-6.2.0+dfsg=. -fstack-protector-strong -Wformat -Werror=format-security -O3  conftest.c >&5
configure:8701: $? = 0
configure:8701: result: yes
configure:8715: checking for dlfcn.h
configure:8715: x86_64-linux-gnu-gcc -c -g -O2 -fdebug-prefix-map=/build/gmp-xrY6Wh/gmp-6.2.0+dfsg=. -fstack-protector-strong -Wformat -Werror=format-security -O3  conftest.c >&5
configure:8715: $? = 0
configure:8715: result: yes
configure:9269: checking for objdir
configure:9284: result: .libs
configure:9548: checking if x86_64-linux-gnu-gcc supports -fno-rtti -fno-exceptions
configure:9566: x86_64-linux-gnu-gcc -c -g -O2 -fdebug-prefix-map=/build/gmp-xrY6Wh/gmp-6.2.0+dfsg=. -fstack-protector-strong -Wformat -Werror=format-security -O3  -fno-rtti -fno-exceptions conftest.c >&5
cc1: warning: command line option '-fno-rtti' is valid for C++/D/ObjC++ but not for C
configure:9570: $? = 0
configure:9583: result: no
configure:9947: checking for x86_64-linux-gnu-gcc option to produce PIC
configure:9954: result: -fPIC -DPIC
configure:9962: checking if x86_64-linux-gnu-gcc PIC flag -fPIC -DPIC works
configure:9980: x86_64-linux-gnu-gcc -c -g -O2 -fdebug-prefix-map=/build/gmp-xrY6Wh/gmp-6.2.0+dfsg=. -fstack-protector-strong -Wformat -Werror=format-security -O3  -fPIC -DPIC -DPIC conftest.c >&5
configure:9984: $? = 0
configure:9997: result: yes
configure:10026: checking if x86_64-linux-gnu-gcc static flag -static works
configure:10054: result: yes
configure:10069: checking if x86_64-linux-gnu-gcc supports -c -o file.o
configure:10090: x86_64-linux-gnu-gcc -c -g -O2 -fdebug-prefix-map=/build/gmp-xrY6Wh/gmp-6.2.0+dfsg=. -fstack-protector-strong -Wformat -Werror=format-security -O3  -o out/conftest2.o conftest.c >&5
configure:10094: $? = 0
configure:10116: result: yes
configure:10124: checking if x86_64-linux-gnu-gcc supports -c -o file.o
configure:10171: result: yes
configure:10204: checking whether the x86_64-linux-gnu-gcc linker (/usr/bin/ld -m elf_x86_64) supports shared libraries
configure:11469: result: yes
configure:11506: checking whether -lc should be explicitly linked in
configure:11514: x86_64-linux-gnu-gcc -c -g -O2 -fdebug-prefix-map=/build/gmp-xrY6Wh/gmp-6.2.0+dfsg=. -fstack-protector-strong -Wformat -Werror=format-security -O3  conftest.c >&5
configure:11517: $? = 0
configure:11532: x86_64-linux-gnu-gcc -shared  -fPIC -DPIC conftest.o  -v -Wl,-soname -Wl,conftest -o conftest 2\>\&1 \| /usr/bin/grep  -lc  \>/dev/null 2\>\&1
configure:11535: $? = 0
configure:11549: result: no
configure:11709: checking dynamic linker characteristics
configure:12290: x86_64-linux-gnu-gcc -o conftest -g -O2 -fdebug-prefix-map=/build/gmp-xrY6Wh/gmp-6.2.0+dfsg=. -fstack-protector-strong -Wformat -Werror=format-security -O3   -Wl,-rpath -Wl,/foo conftest.c  >&5
configure:12290: $? = 0
configure:12539: result: GNU/Linux ld.so
configure:12661: checking how to hardcode library paths into programs
configure:12686: result: immediate
configure:13234: checking whether stripping libraries is possible
configure:13239: result: yes
configure:13274: checking if libtool supports shared libraries
configure:13276: result: yes
configure:13279: checking whether to build shared libraries
configure:13304: result: yes
configure:13307: checking whether to build static libraries
configure:13311: result: yes
configure:10123: checking for non-MS-Windows ICC
configure:10141: x86_64-linux-gnu-gcc -c -g -O2 -fdebug-prefix-map=/build/gmp-xrY6Wh/gmp-6.2.0+dfsg=. -fstack-protector-strong -Wformat -Werror=format-security -O3  conftest.c >&5
conftest.c:23:3: error: #error "Not a non-MS-Windows ICC"
   23 | # error "Not a non-MS-Windows ICC"
      |   ^~~~~
conftest.c:24:6: error: expected ';' before 'int'
   24 | error
      |      ^
      |      ;
......
   27 | int
      | ~~~   
configure:10141: $? = 1
configure: failed program was:
| /* confdefs.h */
| #define PACKAGE_NAME "MPFR"
| #define PACKAGE_TARNAME "mpfr"
| #define PACKAGE_VERSION "4.1.0"
| #define PACKAGE_STRING "MPFR 4.1.0"
| #define PACKAGE_BUGREPORT ""
| #define PACKAGE_URL ""
| #define STDC_HEADERS 1
| #define HAVE_SYS_TYPES_H 1
| #define HAVE_SYS_STAT_H 1
| #define HAVE_STDLIB_H 1
| #define HAVE_STRING_H 1
| #define HAVE_MEMORY_H 1
| #define HAVE_STRINGS_H 1
| #define HAVE_INTTYPES_H 1
| #define HAVE_STDINT_H 1
| #define HAVE_UNISTD_H 1
| #define HAVE_DLFCN_H 1
| #define LT_OBJDIR ".libs/"
| /* end confdefs.h.  */
| 
| #if (!defined(__ICC) && !defined(__INTEL_COMPILER)) || defined(_WIN32)
| # error "Not a non-MS-Windows ICC"
| error
| #endif
| 
| int
| main (void)
| {
| 
|   ;
|   return 0;
| }
configure:10148: result: no
configure:10155: checking whether the selected language is C++
configure:10173: x86_64-linux-gnu-gcc -c -Wpointer-arith -g -O2 -fdebug-prefix-map=/build/gmp-xrY6Wh/gmp-6.2.0+dfsg=. -fstack-protector-strong -Wformat -Werror=format-security -O3  conftest.c >&5
configure:10173: $? = 0
configure:10175: result: no
configure:10226: checking for an ANSI C-conforming const
configure:10292: x86_64-linux-gnu-gcc -c -Wall -Wmissing-prototypes -Wpointer-arith -g -O2 -fdebug-prefix-map=/build/gmp-xrY6Wh/gmp-6.2.0+dfsg=. -fstack-protector-strong -Wformat -Werror=format-security -O3  conftest.c >&5
configure:10292: $? = 0
configure:10299: result: yes
configure:10307: checking for working volatile
configure:10326: x86_64-linux-gnu-gcc -c -Wall -Wmissing-prototypes -Wpointer-arith -g -O2 -fdebug-prefix-map=/build/gmp-xrY6Wh/gmp-6.2.0+dfsg=. -fstack-protector-strong -Wformat -Werror=format-security -O3  conftest.c >&5
configure:10326: $? = 0
configure:10333: result: yes
configure:10341: checking whether byte ordering is bigendian
configure:10356: x86_64-linux-gnu-gcc -c -Wall -Wmissing-prototypes -Wpointer-arith -g -O2 -fdebug-prefix-map=/build/gmp-xrY6Wh/gmp-6.2.0+dfsg=. -fstack-protector-strong -Wformat -Werror=format-security -O3  conftest.c >&5
conftest.c:22:9: error: unknown type name 'not'
   22 |         not a universal capable compiler
      |         ^~~
conftest.c:22:15: error: expected '=', ',', ';', 'asm' or '__attribute__' before 'universal'
   22 |         not a universal capable compiler
      |               ^~~~~~~~~
conftest.c:22:15: error: unknown type name 'universal'
configure:10356: $? = 1
configure: failed program was:
| /* confdefs.h */
| #define PACKAGE_NAME "MPFR"
| #define PACKAGE_TARNAME "mpfr"
| #define PACKAGE_VERSION "4.1.0"
| #define PACKAGE_STRING "MPFR 4.1.0"
| #define PACKAGE_BUGREPORT ""
| #define PACKAGE_URL ""
| #define STDC_HEADERS 1
| #define HAVE_SYS_TYPES_H 1
| #define HAVE_SYS_STAT_H 1
| #define HAVE_STDLIB_H 1
| #define HAVE_STRING_H 1
| #define HAVE_MEMORY_H 1
| #define HAVE_STRINGS_H 1
| #define HAVE_INTTYPES_H 1
| #define HAVE_STDINT_H 1
| #define HAVE_UNISTD_H 1
| #define HAVE_DLFCN_H 1
| #define LT_OBJDIR ".libs/"
| /* end confdefs.h.  */
| #ifndef __APPLE_CC__
| 	       not a universal capable compiler
| 	     #endif
| 	     typedef int dummy;
| 
configure:10401: x86_64-linux-gnu-gcc -c -Wall -Wmissing-prototypes -Wpointer-arith -g -O2 -fdebug-prefix-map=/build/gmp-xrY6Wh/gmp-6.2.0+dfsg=. -fstack-protector-strong -Wformat -Werror=format-security -O3  conftest.c >&5
configure:10401: $? = 0
configure:10419: x86_64-linux-gnu-gcc -c -Wall -Wmissing-prototypes -Wpointer-arith -g -O2 -fdebug-prefix-map=/build/gmp-xrY6Wh/gmp-6.2.0+dfsg=. -fstack-protector-strong -Wformat -Werror=format-security -O3  conftest.c >&5
conftest.c: In function 'main':
conftest.c:28:4: error: unknown type name 'not'; did you mean 'ino_t'?
   28 |    not big endian
      |    ^~~
      |    ino_t
conftest.c:28:12: error: expected '=', ',', ';', 'asm' or '__attribute__' before 'endian'
   28 |    not big endian
      |            ^~~~~~
configure:10419: $? = 1
configure: failed program was:
| /* confdefs.h */
| #define PACKAGE_NAME "MPFR"
| #define PACKAGE_TARNAME "mpfr"
| #define PACKAGE_VERSION "4.1.0"
| #define PACKAGE_STRING "MPFR 4.1.0"
| #define PACKAGE_BUGREPORT ""
| #define PACKAGE_URL ""
| #define STDC_HEADERS 1
| #define HAVE_SYS_TYPES_H 1
| #define HAVE_SYS_STAT_H 1
| #define HAVE_STDLIB_H 1
| #define HAVE_STRING_H 1
| #define HAVE_MEMORY_H 1
| #define HAVE_STRINGS_H 1
| #define HAVE_INTTYPES_H 1
| #define HAVE_STDINT_H 1
| #define HAVE_UNISTD_H 1
| #define HAVE_DLFCN_H 1
| #define LT_OBJDIR ".libs/"
| /* end confdefs.h.  */
| #include <sys/types.h>
| 		#include <sys/param.h>
| 
| int
| main (void)
| {
| #if BYTE_ORDER != BIG_ENDIAN
| 		 not big endian
| 		#endif
| 
|   ;
|   return 0;
| }
configure:10547: result: no
configure:10570: checking for library containing clock_gettime
configure:10601: x86_64-linux-gnu-gcc -o conftest -Wall -Wmissing-prototypes -Wpointer-arith -g -O2 -fdebug-prefix-map=/build/gmp-xrY6Wh/gmp-6.2.0+dfsg=. -fstack-protector-strong -Wformat -Werror=format-security -O3   conftest.c  >&5
configure:10601: $? = 0
configure:10618: result: none required
configure:10819: checking for main in -lm
configure:10838: x86_64-linux-gnu-gcc -o conftest -Wall -Wmissing-prototypes -Wpointer-arith -g -O2 -fdebug-prefix-map=/build/gmp-xrY6Wh/gmp-6.2.0+dfsg=. -fstack-protector-strong -Wformat -Werror=format-security -O3   conftest.c -lm   >&5
configure:10838: $? = 0
configure:10847: result: yes
configure:10861: checking for main in -lquadmath
configure:10880: x86_64-linux-gnu-gcc -o conftest -Wall -Wmissing-prototypes -Wpointer-arith -g -O2 -fdebug-prefix-map=/build/gmp-xrY6Wh/gmp-6.2.0+dfsg=. -fstack-protector-strong -Wformat -Werror=format-security -O3   conftest.c -lquadmath   >&5
configure:10880: $? = 0
configure:10889: result: yes
configure:10898: checking whether time.h and sys/time.h may both be included
configure:10918: x86_64-linux-gnu-gcc -c -Wall -Wmissing-prototypes -Wpointer-arith -g -O2 -fdebug-prefix-map=/build/gmp-xrY6Wh/gmp-6.2.0+dfsg=. -fstack-protector-strong -Wformat -Werror=format-security -O3  conftest.c >&5
configure:10918: $? = 0
configure:10925: result: yes
configure:10933: checking for size_t
configure:10933: x86_64-linux-gnu-gcc -c -Wall -Wmissing-prototypes -Wpointer-arith -g -O2 -fdebug-prefix-map=/build/gmp-xrY6Wh/gmp-6.2.0+dfsg=. -fstack-protector-strong -Wformat -Werror=format-security -O3  conftest.c >&5
configure:10933: $? = 0
configure:10933: x86_64-linux-gnu-gcc -c -Wall -Wmissing-prototypes -Wpointer-arith -g -O2 -fdebug-prefix-map=/build/gmp-xrY6Wh/gmp-6.2.0+dfsg=. -fstack-protector-strong -Wformat -Werror=format-security -O3  conftest.c >&5
conftest.c: In function 'main':
conftest.c:60:21: error: expected expression before ')' token
   60 | if (sizeof ((size_t)))
      |                     ^
configure:10933: $? = 1
configure: failed program was:
| /* confdefs.h */
| #define PACKAGE_NAME "MPFR"
| #define PACKAGE_TARNAME "mpfr"
| #define PACKAGE_VERSION "4.1.0"
| #define PACKAGE_STRING "MPFR 4.1.0"
| #define PACKAGE_BUGREPORT ""
| #define PACKAGE_URL ""
| #define STDC_HEADERS 1
| #define HAVE_SYS_TYPES_H 1
| #define HAVE_SYS_STAT_H 1
| #define HAVE_STDLIB_H 1
| #define HAVE_STRING_H 1
| #define HAVE_MEMORY_H 1
| #define HAVE_STRINGS_H 1
| #define HAVE_INTTYPES_H 1
| #define HAVE_STDINT_H 1
| #define HAVE_UNISTD_H 1
| #define HAVE_DLFCN_H 1
| #define LT_OBJDIR ".libs/"
| #define HAVE_LITTLE_ENDIAN 1
| #define HAVE_CLOCK_GETTIME 1
| #define TIME_WITH_SYS_TIME 1
| /* end confdefs.h.  */
| #include <stdio.h>
| #ifdef HAVE_SYS_TYPES_H
| # include <sys/types.h>
| #endif
| #ifdef HAVE_SYS_STAT_H
| # include <sys/stat.h>
| #endif
| #ifdef STDC_HEADERS
| # include <stdlib.h>
| # include <stddef.h>
| #else
| # ifdef HAVE_STDLIB_H
| #  include <stdlib.h>
| # endif
| #endif
| #ifdef HAVE_STRING_H
| # if !defined STDC_HEADERS && defined HAVE_MEMORY_H
| #  include <memory.h>
| # endif
| # include <string.h>
| #endif
| #ifdef HAVE_STRINGS_H
| # include <strings.h>
| #endif
| #ifdef HAVE_INTTYPES_H
| # include <inttypes.h>
| #endif
| #ifdef HAVE_STDINT_H
| # include <stdint.h>
| #endif
| #ifdef HAVE_UNISTD_H
| # include <unistd.h>
| #endif
| int
| main (void)
| {
| if (sizeof ((size_t)))
| 	    return 0;
|   ;
|   return 0;
| }
configure:10933: result: yes
configure:11703: checking limits.h usability
configure:11703: x86_64-linux-gnu-gcc -c -Wall -Wmissing-prototypes -Wpointer-arith -g -O2 -fdebug-prefix-map=/build/gmp-xrY6Wh/gmp-6.2.0+dfsg=. -fstack-protector-strong -Wformat -Werror=format-security -O3  conftest.c >&5
configure:11703: $? = 0
configure:11703: result: yes
configure:11703: checking limits.h presence
configure:11703: x86_64-linux-gnu-gcc -E  conftest.c
configure:11703: $? = 0
configure:11703: result: yes
configure:11703: checking for limits.h
configure:11703: result: yes
configure:11711: checking float.h usability
configure:11711: x86_64-linux-gnu-gcc -c -Wall -Wmissing-prototypes -Wpointer-arith -g -O2 -fdebug-prefix-map=/build/gmp-xrY6Wh/gmp-6.2.0+dfsg=. -fstack-protector-strong -Wformat -Werror=format-security -O3  conftest.c >&5
configure:11711: $? = 0
configure:11711: result: yes
configure:11711: checking float.h presence
configure:11711: x86_64-linux-gnu-gcc -E  conftest.c
configure:11711: $? = 0
configure:11711: result: yes
configure:11711: checking for float.h
configure:11711: result: yes
configure:11719: checking for string.h
configure:11719: result: yes
configure:11730: checking locale.h usability
configure:11730: x86_64-linux-gnu-gcc -c -Wall -Wmissing-prototypes -Wpointer-arith -g -O2 -fdebug-prefix-map=/build/gmp-xrY6Wh/gmp-6.2.0+dfsg=. -fstack-protector-strong -Wformat -Werror=format-security -O3  conftest.c >&5
configure:11730: $? = 0
configure:11730: result: yes
configure:11730: checking locale.h presence
configure:11730: x86_64-linux-gnu-gcc -E  conftest.c
configure:11730: $? = 0
configure:11730: result: yes
configure:11730: checking for locale.h
configure:11730: result: yes
configure:11743: checking wchar.h usability
configure:11743: x86_64-linux-gnu-gcc -c -Wall -Wmissing-prototypes -Wpointer-arith -g -O2 -fdebug-prefix-map=/build/gmp-xrY6Wh/gmp-6.2.0+dfsg=. -fstack-protector-strong -Wformat -Werror=format-security -O3  conftest.c >&5
configure:11743: $? = 0
configure:11743: result: yes
configure:11743: checking wchar.h presence
configure:11743: x86_64-linux-gnu-gcc -E  conftest.c
configure:11743: $? = 0
configure:11743: result: yes
configure:11743: checking for wchar.h
configure:11743: result: yes
configure:11754: checking stdarg.h usability
configure:11754: x86_64-linux-gnu-gcc -c -Wall -Wmissing-prototypes -Wpointer-arith -g -O2 -fdebug-prefix-map=/build/gmp-xrY6Wh/gmp-6.2.0+dfsg=. -fstack-protector-strong -Wformat -Werror=format-security -O3  conftest.c >&5
configure:11754: $? = 0
configure:11754: result: yes
configure:11754: checking stdarg.h presence
configure:11754: x86_64-linux-gnu-gcc -E  conftest.c
configure:11754: $? = 0
configure:11754: result: yes
configure:11754: checking for stdarg.h
configure:11754: result: yes
configure:11775: checking sys/time.h usability
configure:11775: x86_64-linux-gnu-gcc -c -Wall -Wmissing-prototypes -Wpointer-arith -g -O2 -fdebug-prefix-map=/build/gmp-xrY6Wh/gmp-6.2.0+dfsg=. -fstack-protector-strong -Wformat -Werror=format-security -O3  conftest.c >&5
configure:11775: $? = 0
configure:11775: result: yes
configure:11775: checking sys/time.h presence
configure:11775: x86_64-linux-gnu-gcc -E  conftest.c
configure:11775: $? = 0
configure:11775: result: yes
configure:11775: checking for sys/time.h
configure:11775: result: yes
configure:11775: checking sys/fpu.h usability
configure:11775: x86_64-linux-gnu-gcc -c -Wall -Wmissing-prototypes -Wpointer-arith -g -O2 -fdebug-prefix-map=/build/gmp-xrY6Wh/gmp-6.2.0+dfsg=. -fstack-protector-strong -Wformat -Werror=format-security -O3  conftest.c >&5
conftest.c:61:10: fatal error: sys/fpu.h: No such file or directory
   61 | #include <sys/fpu.h>
      |          ^~~~~~~~~~~
compilation terminated.
configure:11775: $? = 1
configure: failed program was:
| /* confdefs.h */
| #define PACKAGE_NAME "MPFR"
| #define PACKAGE_TARNAME "mpfr"
| #define PACKAGE_VERSION "4.1.0"
| #define PACKAGE_STRING "MPFR 4.1.0"
| #define PACKAGE_BUGREPORT ""
| #define PACKAGE_URL ""
| #define STDC_HEADERS 1
| #define HAVE_SYS_TYPES_H 1
| #define HAVE_SYS_STAT_H 1
| #define HAVE_STDLIB_H 1
| #define HAVE_STRING_H 1
| #define HAVE_MEMORY_H 1
| #define HAVE_STRINGS_H 1
| #define HAVE_INTTYPES_H 1
| #define HAVE_STDINT_H 1
| #define HAVE_UNISTD_H 1
| #define HAVE_DLFCN_H 1
| #define LT_OBJDIR ".libs/"
| #define HAVE_LITTLE_ENDIAN 1
| #define HAVE_CLOCK_GETTIME 1
| #define TIME_WITH_SYS_TIME 1
| #define HAVE_LOCALE_H 1
| #define HAVE_WCHAR_H 1
| #define HAVE_STDARG 1
| #define HAVE_SYS_TIME_H 1
| /* end confdefs.h.  */
| #include <stdio.h>
| #ifdef HAVE_SYS_TYPES_H
| # include <sys/types.h>
| #endif
| #ifdef HAVE_SYS_STAT_H
| # include <sys/stat.h>
| #endif
| #ifdef STDC_HEADERS
| # include <stdlib.h>
| # include <stddef.h>
| #else
| # ifdef HAVE_STDLIB_H
| #  include <stdlib.h>
| # endif
| #endif
| #ifdef HAVE_STRING_H
| # if !defined STDC_HEADERS && defined HAVE_MEMORY_H
| #  include <memory.h>
| # endif
| # include <string.h>
| #endif
| #ifdef HAVE_STRINGS_H
| # include <strings.h>
| #endif
| #ifdef HAVE_INTTYPES_H
| # include <inttypes.h>
| #endif
| #ifdef HAVE_STDINT_H
| # include <stdint.h>
| #endif
| #ifdef HAVE_UNISTD_H
| # include <unistd.h>
| #endif
| #include <sys/fpu.h>
configure:11775: result: no
configure:11775: checking sys/fpu.h presence
configure:11775: x86_64-linux-gnu-gcc -E  conftest.c
conftest.c:28:10: fatal error: sys/fpu.h: No such file or directory
   28 | #include <sys/fpu.h>
      |          ^~~~~~~~~~~
compilation terminated.
configure:11775: $? = 1
configure: failed program was:
| /* confdefs.h */
| #define PACKAGE_NAME "MPFR"
| #define PACKAGE_TARNAME "mpfr"
| #define PACKAGE_VERSION "4.1.0"
| #define PACKAGE_STRING "MPFR 4.1.0"
| #define PACKAGE_BUGREPORT ""
| #define PACKAGE_URL ""
| #define STDC_HEADERS 1
| #define HAVE_SYS_TYPES_H 1
| #define HAVE_SYS_STAT_H 1
| #define HAVE_STDLIB_H 1
| #define HAVE_STRING_H 1
| #define HAVE_MEMORY_H 1
| #define HAVE_STRINGS_H 1
| #define HAVE_INTTYPES_H 1
| #define HAVE_STDINT_H 1
| #define HAVE_UNISTD_H 1
| #define HAVE_DLFCN_H 1
| #define LT_OBJDIR ".libs/"
| #define HAVE_LITTLE_ENDIAN 1
| #define HAVE_CLOCK_GETTIME 1
| #define TIME_WITH_SYS_TIME 1
| #define HAVE_LOCALE_H 1
| #define HAVE_WCHAR_H 1
| #define HAVE_STDARG 1
| #define HAVE_SYS_TIME_H 1
| /* end confdefs.h.  */
| #include <sys/fpu.h>
configure:11775: result: no
configure:11775: checking for sys/fpu.h
configure:11775: result: no
configure:11786: checking for struct lconv.decimal_point
configure:11786: x86_64-linux-gnu-gcc -c -Wall -Wmissing-prototypes -Wpointer-arith -g -O2 -fdebug-prefix-map=/build/gmp-xrY6Wh/gmp-6.2.0+dfsg=. -fstack-protector-strong -Wformat -Werror=format-security -O3  conftest.c >&5
configure:11786: $? = 0
configure:11786: result: yes
configure:11796: checking for struct lconv.thousands_sep
configure:11796: x86_64-linux-gnu-gcc -c -Wall -Wmissing-prototypes -Wpointer-arith -g -O2 -fdebug-prefix-map=/build/gmp-xrY6Wh/gmp-6.2.0+dfsg=. -fstack-protector-strong -Wformat -Werror=format-security -O3  conftest.c >&5
configure:11796: $? = 0
configure:11796: result: yes
configure:11810: checking for working alloca.h
configure:11827: x86_64-linux-gnu-gcc -o conftest -Wall -Wmissing-prototypes -Wpointer-arith -g -O2 -fdebug-prefix-map=/build/gmp-xrY6Wh/gmp-6.2.0+dfsg=. -fstack-protector-strong -Wformat -Werror=format-security -O3   conftest.c  >&5
configure:11827: $? = 0
configure:11835: result: yes
configure:11843: checking for alloca
configure:11880: x86_64-linux-gnu-gcc -o conftest -Wall -Wmissing-prototypes -Wpointer-arith -g -O2 -fdebug-prefix-map=/build/gmp-xrY6Wh/gmp-6.2.0+dfsg=. -fstack-protector-strong -Wformat -Werror=format-security -O3   conftest.c  >&5
configure:11880: $? = 0
configure:11888: result: yes
configure:11996: checking for uintptr_t
configure:11996: x86_64-linux-gnu-gcc -c -Wall -Wmissing-prototypes -Wpointer-arith -g -O2 -fdebug-prefix-map=/build/gmp-xrY6Wh/gmp-6.2.0+dfsg=. -fstack-protector-strong -Wformat -Werror=format-security -O3  conftest.c >&5
configure:11996: $? = 0
configure:11996: x86_64-linux-gnu-gcc -c -Wall -Wmissing-prototypes -Wpointer-arith -g -O2 -fdebug-prefix-map=/build/gmp-xrY6Wh/gmp-6.2.0+dfsg=. -fstack-protector-strong -Wformat -Werror=format-security -O3  conftest.c >&5
conftest.c: In function 'main':
conftest.c:68:24: error: expected expression before ')' token
   68 | if (sizeof ((uintptr_t)))
      |                        ^
configure:11996: $? = 1
configure: failed program was:
| /* confdefs.h */
| #define PACKAGE_NAME "MPFR"
| #define PACKAGE_TARNAME "mpfr"
| #define PACKAGE_VERSION "4.1.0"
| #define PACKAGE_STRING "MPFR 4.1.0"
| #define PACKAGE_BUGREPORT ""
| #define PACKAGE_URL ""
| #define STDC_HEADERS 1
| #define HAVE_SYS_TYPES_H 1
| #define HAVE_SYS_STAT_H 1
| #define HAVE_STDLIB_H 1
| #define HAVE_STRING_H 1
| #define HAVE_MEMORY_H 1
| #define HAVE_STRINGS_H 1
| #define HAVE_INTTYPES_H 1
| #define HAVE_STDINT_H 1
| #define HAVE_UNISTD_H 1
| #define HAVE_DLFCN_H 1
| #define LT_OBJDIR ".libs/"
| #define HAVE_LITTLE_ENDIAN 1
| #define HAVE_CLOCK_GETTIME 1
| #define TIME_WITH_SYS_TIME 1
| #define HAVE_LOCALE_H 1
| #define HAVE_WCHAR_H 1
| #define HAVE_STDARG 1
| #define HAVE_SYS_TIME_H 1
| #define HAVE_STRUCT_LCONV_DECIMAL_POINT 1
| #define HAVE_STRUCT_LCONV_THOUSANDS_SEP 1
| #define HAVE_ALLOCA_H 1
| #define HAVE_ALLOCA 1
| /* end confdefs.h.  */
| #include <stdio.h>
| #ifdef HAVE_SYS_TYPES_H
| # include <sys/types.h>
| #endif
| #ifdef HAVE_SYS_STAT_H
| # include <sys/stat.h>
| #endif
| #ifdef STDC_HEADERS
| # include <stdlib.h>
| # include <stddef.h>
| #else
| # ifdef HAVE_STDLIB_H
| #  include <stdlib.h>
| # endif
| #endif
| #ifdef HAVE_STRING_H
| # if !defined STDC_HEADERS && defined HAVE_MEMORY_H
| #  include <memory.h>
| # endif
| # include <string.h>
| #endif
| #ifdef HAVE_STRINGS_H
| # include <strings.h>
| #endif
| #ifdef HAVE_INTTYPES_H
| # include <inttypes.h>
| #endif
| #ifdef HAVE_STDINT_H
| # include <stdint.h>
| #endif
| #ifdef HAVE_UNISTD_H
| # include <unistd.h>
| #endif
| int
| main (void)
| {
| if (sizeof ((uintptr_t)))
| 	    return 0;
|   ;
|   return 0;
| }
configure:11996: result: yes
configure:12033: checking how to copy va_list
configure:12051: x86_64-linux-gnu-gcc -o conftest -Wall -Wmissing-prototypes -Wpointer-arith -g -O2 -fdebug-prefix-map=/build/gmp-xrY6Wh/gmp-6.2.0+dfsg=. -fstack-protector-strong -Wformat -Werror=format-security -O3   conftest.c  >&5
configure:12051: $? = 0
configure:12053: result: va_copy
configure:12094: checking for setlocale
configure:12094: x86_64-linux-gnu-gcc -o conftest  -Wall -Wmissing-prototypes -Wpointer-arith -g -O2 -fdebug-prefix-map=/build/gmp-xrY6Wh/gmp-6.2.0+dfsg=. -fstack-protector-strong -Wformat -O3   conftest.c  >&5
configure:12094: $? = 0
configure:12094: result: yes
configure:12094: checking for gettimeofday
configure:12094: x86_64-linux-gnu-gcc -o conftest  -Wall -Wmissing-prototypes -Wpointer-arith -g -O2 -fdebug-prefix-map=/build/gmp-xrY6Wh/gmp-6.2.0+dfsg=. -fstack-protector-strong -Wformat -O3   conftest.c  >&5
configure:12094: $? = 0
configure:12094: result: yes
configure:12094: checking for signal
configure:12094: x86_64-linux-gnu-gcc -o conftest  -Wall -Wmissing-prototypes -Wpointer-arith -g -O2 -fdebug-prefix-map=/build/gmp-xrY6Wh/gmp-6.2.0+dfsg=. -fstack-protector-strong -Wformat -O3   conftest.c  >&5
configure:12094: $? = 0
configure:12094: result: yes
configure:12105: checking for sigaction and its associated structure
configure:12124: x86_64-linux-gnu-gcc -o conftest -Wall -Wmissing-prototypes -Wpointer-arith -g -O2 -fdebug-prefix-map=/build/gmp-xrY6Wh/gmp-6.2.0+dfsg=. -fstack-protector-strong -Wformat -Werror=format-security -O3   conftest.c  >&5
configure:12124: $? = 0
configure:12126: result: yes
configure:12139: checking for long long int
configure:12139: x86_64-linux-gnu-gcc -c -Wall -Wmissing-prototypes -Wpointer-arith -g -O2 -fdebug-prefix-map=/build/gmp-xrY6Wh/gmp-6.2.0+dfsg=. -fstack-protector-strong -Wformat -Werror=format-security -O3  conftest.c >&5
configure:12139: $? = 0
configure:12139: x86_64-linux-gnu-gcc -c -Wall -Wmissing-prototypes -Wpointer-arith -g -O2 -fdebug-prefix-map=/build/gmp-xrY6Wh/gmp-6.2.0+dfsg=. -fstack-protector-strong -Wformat -Werror=format-security -O3  conftest.c >&5
conftest.c: In function 'main':
conftest.c:74:28: error: expected expression before ')' token
   74 | if (sizeof ((long long int)))
      |                            ^
configure:12139: $? = 1
configure: failed program was:
| /* confdefs.h */
| #define PACKAGE_NAME "MPFR"
| #define PACKAGE_TARNAME "mpfr"
| #define PACKAGE_VERSION "4.1.0"
| #define PACKAGE_STRING "MPFR 4.1.0"
| #define PACKAGE_BUGREPORT ""
| #define PACKAGE_URL ""
| #define STDC_HEADERS 1
| #define HAVE_SYS_TYPES_H 1
| #define HAVE_SYS_STAT_H 1
| #define HAVE_STDLIB_H 1
| #define HAVE_STRING_H 1
| #define HAVE_MEMORY_H 1
| #define HAVE_STRINGS_H 1
| #define HAVE_INTTYPES_H 1
| #define HAVE_STDINT_H 1
| #define HAVE_UNISTD_H 1
| #define HAVE_DLFCN_H 1
| #define LT_OBJDIR ".libs/"
| #define HAVE_LITTLE_ENDIAN 1
| #define HAVE_CLOCK_GETTIME 1
| #define TIME_WITH_SYS_TIME 1
| #define HAVE_LOCALE_H 1
| #define HAVE_WCHAR_H 1
| #define HAVE_STDARG 1
| #define HAVE_SYS_TIME_H 1
| #define HAVE_STRUCT_LCONV_DECIMAL_POINT 1
| #define HAVE_STRUCT_LCONV_THOUSANDS_SEP 1
| #define HAVE_ALLOCA_H 1
| #define HAVE_ALLOCA 1
| #define HAVE_UINTPTR_T 1
| #define HAVE_VA_COPY 1
| #define HAVE_SETLOCALE 1
| #define HAVE_GETTIMEOFDAY 1
| #define HAVE_SIGNAL 1
| #define HAVE_SIGACTION 1
| /* end confdefs.h.  */
| #include <stdio.h>
| #ifdef HAVE_SYS_TYPES_H
| # include <sys/types.h>
| #endif
| #ifdef HAVE_SYS_STAT_H
| # include <sys/stat.h>
| #endif
| #ifdef STDC_HEADERS
| # include <stdlib.h>
| # include <stddef.h>
| #else
| # ifdef HAVE_STDLIB_H
| #  include <stdlib.h>
| # endif
| #endif
| #ifdef HAVE_STRING_H
| # if !defined STDC_HEADERS && defined HAVE_MEMORY_H
| #  include <memory.h>
| # endif
| # include <string.h>
| #endif
| #ifdef HAVE_STRINGS_H
| # include <strings.h>
| #endif
| #ifdef HAVE_INTTYPES_H
| # include <inttypes.h>
| #endif
| #ifdef HAVE_STDINT_H
| # include <stdint.h>
| #endif
| #ifdef HAVE_UNISTD_H
| # include <unistd.h>
| #endif
| int
| main (void)
| {
| if (sizeof ((long long int)))
| 	    return 0;
|   ;
|   return 0;
| }
configure:12139: result: yes
configure:12147: checking for intmax_t
configure:12147: x86_64-linux-gnu-gcc -c -Wall -Wmissing-prototypes -Wpointer-arith -g -O2 -fdebug-prefix-map=/build/gmp-xrY6Wh/gmp-6.2.0+dfsg=. -fstack-protector-strong -Wformat -Werror=format-security -O3  conftest.c >&5
configure:12147: $? = 0
configure:12147: x86_64-linux-gnu-gcc -c -Wall -Wmissing-prototypes -Wpointer-arith -g -O2 -fdebug-prefix-map=/build/gmp-xrY6Wh/gmp-6.2.0+dfsg=. -fstack-protector-strong -Wformat -Werror=format-security -O3  conftest.c >&5
conftest.c: In function 'main':
conftest.c:75:23: error: expected expression before ')' token
   75 | if (sizeof ((intmax_t)))
      |                       ^
configure:12147: $? = 1
configure: failed program was:
| /* confdefs.h */
| #define PACKAGE_NAME "MPFR"
| #define PACKAGE_TARNAME "mpfr"
| #define PACKAGE_VERSION "4.1.0"
| #define PACKAGE_STRING "MPFR 4.1.0"
| #define PACKAGE_BUGREPORT ""
| #define PACKAGE_URL ""
| #define STDC_HEADERS 1
| #define HAVE_SYS_TYPES_H 1
| #define HAVE_SYS_STAT_H 1
| #define HAVE_STDLIB_H 1
| #define HAVE_STRING_H 1
| #define HAVE_MEMORY_H 1
| #define HAVE_STRINGS_H 1
| #define HAVE_INTTYPES_H 1
| #define HAVE_STDINT_H 1
| #define HAVE_UNISTD_H 1
| #define HAVE_DLFCN_H 1
| #define LT_OBJDIR ".libs/"
| #define HAVE_LITTLE_ENDIAN 1
| #define HAVE_CLOCK_GETTIME 1
| #define TIME_WITH_SYS_TIME 1
| #define HAVE_LOCALE_H 1
| #define HAVE_WCHAR_H 1
| #define HAVE_STDARG 1
| #define HAVE_SYS_TIME_H 1
| #define HAVE_STRUCT_LCONV_DECIMAL_POINT 1
| #define HAVE_STRUCT_LCONV_THOUSANDS_SEP 1
| #define HAVE_ALLOCA_H 1
| #define HAVE_ALLOCA 1
| #define HAVE_UINTPTR_T 1
| #define HAVE_VA_COPY 1
| #define HAVE_SETLOCALE 1
| #define HAVE_GETTIMEOFDAY 1
| #define HAVE_SIGNAL 1
| #define HAVE_SIGACTION 1
| #define HAVE_LONG_LONG 1
| /* end confdefs.h.  */
| #include <stdio.h>
| #ifdef HAVE_SYS_TYPES_H
| # include <sys/types.h>
| #endif
| #ifdef HAVE_SYS_STAT_H
| # include <sys/stat.h>
| #endif
| #ifdef STDC_HEADERS
| # include <stdlib.h>
| # include <stddef.h>
| #else
| # ifdef HAVE_STDLIB_H
| #  include <stdlib.h>
| # endif
| #endif
| #ifdef HAVE_STRING_H
| # if !defined STDC_HEADERS && defined HAVE_MEMORY_H
| #  include <memory.h>
| # endif
| # include <string.h>
| #endif
| #ifdef HAVE_STRINGS_H
| # include <strings.h>
| #endif
| #ifdef HAVE_INTTYPES_H
| # include <inttypes.h>
| #endif
| #ifdef HAVE_STDINT_H
| # include <stdint.h>
| #endif
| #ifdef HAVE_UNISTD_H
| # include <unistd.h>
| #endif
| int
| main (void)
| {
| if (sizeof ((intmax_t)))
| 	    return 0;
|   ;
|   return 0;
| }
configure:12147: result: yes
configure:12158: checking for working INTMAX_MAX
configure:12178: x86_64-linux-gnu-gcc -c -Wall -Wmissing-prototypes -Wpointer-arith -g -O2 -fdebug-prefix-map=/build/gmp-xrY6Wh/gmp-6.2.0+dfsg=. -fstack-protector-strong -Wformat -Werror=format-security -O3  -I./src -DMPFR_NEED_INTMAX_H conftest.c >&5
configure:12178: $? = 0
configure:12187: result: yes
configure:12196: checking for union fpc_csr
configure:12196: x86_64-linux-gnu-gcc -c -Wall -Wmissing-prototypes -Wpointer-arith -g -O2 -fdebug-prefix-map=/build/gmp-xrY6Wh/gmp-6.2.0+dfsg=. -fstack-protector-strong -Wformat -Werror=format-security -O3  conftest.c >&5
conftest.c: In function 'main':
conftest.c:50:13: error: invalid application of 'sizeof' to incomplete type 'union fpc_csr'
   50 | if (sizeof (union fpc_csr))
      |             ^~~~~
configure:12196: $? = 1
configure: failed program was:
| /* confdefs.h */
| #define PACKAGE_NAME "MPFR"
| #define PACKAGE_TARNAME "mpfr"
| #define PACKAGE_VERSION "4.1.0"
| #define PACKAGE_STRING "MPFR 4.1.0"
| #define PACKAGE_BUGREPORT ""
| #define PACKAGE_URL ""
| #define STDC_HEADERS 1
| #define HAVE_SYS_TYPES_H 1
| #define HAVE_SYS_STAT_H 1
| #define HAVE_STDLIB_H 1
| #define HAVE_STRING_H 1
| #define HAVE_MEMORY_H 1
| #define HAVE_STRINGS_H 1
| #define HAVE_INTTYPES_H 1
| #define HAVE_STDINT_H 1
| #define HAVE_UNISTD_H 1
| #define HAVE_DLFCN_H 1
| #define LT_OBJDIR ".libs/"
| #define HAVE_LITTLE_ENDIAN 1
| #define HAVE_CLOCK_GETTIME 1
| #define TIME_WITH_SYS_TIME 1
| #define HAVE_LOCALE_H 1
| #define HAVE_WCHAR_H 1
| #define HAVE_STDARG 1
| #define HAVE_SYS_TIME_H 1
| #define HAVE_STRUCT_LCONV_DECIMAL_POINT 1
| #define HAVE_STRUCT_LCONV_THOUSANDS_SEP 1
| #define HAVE_ALLOCA_H 1
| #define HAVE_ALLOCA 1
| #define HAVE_UINTPTR_T 1
| #define HAVE_VA_COPY 1
| #define HAVE_SETLOCALE 1
| #define HAVE_GETTIMEOFDAY 1
| #define HAVE_SIGNAL 1
| #define HAVE_SIGACTION 1
| #define HAVE_LONG_LONG 1
| #define HAVE_INTMAX_T 1
| #define MPFR_HAVE_INTMAX_MAX 1
| /* end confdefs.h.  */
| 
| #if HAVE_SYS_FPU_H
| #  include <sys/fpu.h>
| #endif
| 
| 
| int
| main (void)
| {
| if (sizeof (union fpc_csr))
| 	 return 0;
|   ;
|   return 0;
| }
configure:12196: result: no
configure:12209: checking for _Noreturn
configure:12219: x86_64-linux-gnu-gcc -c -Wall -Wmissing-prototypes -Wpointer-arith -g -O2 -fdebug-prefix-map=/build/gmp-xrY6Wh/gmp-6.2.0+dfsg=. -fstack-protector-strong -Wformat -Werror=format-security -O3  conftest.c >&5
configure:12219: $? = 0
configure:12227: result: yes
configure:12235: checking for __builtin_unreachable
configure:12253: x86_64-linux-gnu-gcc -o conftest -Wall -Wmissing-prototypes -Wpointer-arith -g -O2 -fdebug-prefix-map=/build/gmp-xrY6Wh/gmp-6.2.0+dfsg=. -fstack-protector-strong -Wformat -Werror=format-security -O3   conftest.c  >&5
configure:12253: $? = 0
configure:12262: result: yes
configure:12271: checking for constructor and destructor attributes
configure:12293: x86_64-linux-gnu-gcc -o conftest -Wall -Wmissing-prototypes -Wpointer-arith -g -O2 -fdebug-prefix-map=/build/gmp-xrY6Wh/gmp-6.2.0+dfsg=. -fstack-protector-strong -Wformat -Werror=format-security -O3   conftest.c  >&5
configure:12293: $? = 0
configure:12294: result: yes
configure:12312: checking for fesetround
configure:12331: x86_64-linux-gnu-gcc -o conftest -Wall -Wmissing-prototypes -Wpointer-arith -g -O2 -fdebug-prefix-map=/build/gmp-xrY6Wh/gmp-6.2.0+dfsg=. -fstack-protector-strong -Wformat -Werror=format-security -O3   conftest.c  -lm >&5
configure:12331: $? = 0
configure:12341: result: yes
configure:12350: checking for gcc float-conversion bug
configure:12390: x86_64-linux-gnu-gcc -o conftest -Wall -Wmissing-prototypes -Wpointer-arith -g -O2 -fdebug-prefix-map=/build/gmp-xrY6Wh/gmp-6.2.0+dfsg=. -fstack-protector-strong -Wformat -Werror=format-security -O3   conftest.c  -lm >&5
configure:12390: $? = 0
configure:12390: ./conftest
configure:12390: $? = 0
configure:12402: result: no
configure:12409: checking for subnormal double-precision numbers
configure:12429: x86_64-linux-gnu-gcc -o conftest -Wall -Wmissing-prototypes -Wpointer-arith -g -O2 -fdebug-prefix-map=/build/gmp-xrY6Wh/gmp-6.2.0+dfsg=. -fstack-protector-strong -Wformat -Werror=format-security -O3   conftest.c  >&5
configure:12429: $? = 0
configure:12429: ./conftest
1.112537e-308
configure:12429: $? = 0
configure:12440: result: yes
configure:12447: checking for subnormal single-precision numbers
configure:12467: x86_64-linux-gnu-gcc -o conftest -Wall -Wmissing-prototypes -Wpointer-arith -g -O2 -fdebug-prefix-map=/build/gmp-xrY6Wh/gmp-6.2.0+dfsg=. -fstack-protector-strong -Wformat -Werror=format-security -O3   conftest.c  >&5
configure:12467: $? = 0
configure:12467: ./conftest
5.877472e-39
configure:12467: $? = 0
configure:12478: result: yes
configure:12486: checking for signed zeros
configure:12503: x86_64-linux-gnu-gcc -o conftest -Wall -Wmissing-prototypes -Wpointer-arith -g -O2 -fdebug-prefix-map=/build/gmp-xrY6Wh/gmp-6.2.0+dfsg=. -fstack-protector-strong -Wformat -Werror=format-security -O3   conftest.c  >&5
configure:12503: $? = 0
configure:12503: ./conftest
configure:12503: $? = 0
configure:12514: result: yes
configure:12522: checking if the FP division by 0 fails
configure:12543: x86_64-linux-gnu-gcc -o conftest -Wall -Wmissing-prototypes -Wpointer-arith -g -O2 -fdebug-prefix-map=/build/gmp-xrY6Wh/gmp-6.2.0+dfsg=. -fstack-protector-strong -Wformat -Werror=format-security -O3   conftest.c  >&5
configure:12543: $? = 0
configure:12543: ./conftest
configure:12543: $? = 0
configure:12554: result: no
configure:12568: checking if NAN == NAN
configure:12592: x86_64-linux-gnu-gcc -o conftest -Wall -Wmissing-prototypes -Wpointer-arith -g -O2 -fdebug-prefix-map=/build/gmp-xrY6Wh/gmp-6.2.0+dfsg=. -fstack-protector-strong -Wformat -Werror=format-security -O3   conftest.c  >&5
configure:12592: $? = 0
configure:12592: ./conftest
configure:12592: $? = 1
configure: program exited with status 1
configure: failed program was:
| /* confdefs.h */
| #define PACKAGE_NAME "MPFR"
| #define PACKAGE_TARNAME "mpfr"
| #define PACKAGE_VERSION "4.1.0"
| #define PACKAGE_STRING "MPFR 4.1.0"
| #define PACKAGE_BUGREPORT ""
| #define PACKAGE_URL ""
| #define STDC_HEADERS 1
| #define HAVE_SYS_TYPES_H 1
| #define HAVE_SYS_STAT_H 1
| #define HAVE_STDLIB_H 1
| #define HAVE_STRING_H 1
| #define HAVE_MEMORY_H 1
| #define HAVE_STRINGS_H 1
| #define HAVE_INTTYPES_H 1
| #define HAVE_STDINT_H 1
| #define HAVE_UNISTD_H 1
| #define HAVE_DLFCN_H 1
| #define LT_OBJDIR ".libs/"
| #define HAVE_LITTLE_ENDIAN 1
| #define HAVE_CLOCK_GETTIME 1
| #define TIME_WITH_SYS_TIME 1
| #define HAVE_LOCALE_H 1
| #define HAVE_WCHAR_H 1
| #define HAVE_STDARG 1
| #define HAVE_SYS_TIME_H 1
| #define HAVE_STRUCT_LCONV_DECIMAL_POINT 1
| #define HAVE_STRUCT_LCONV_THOUSANDS_SEP 1
| #define HAVE_ALLOCA_H 1
| #define HAVE_ALLOCA 1
| #define HAVE_UINTPTR_T 1
| #define HAVE_VA_COPY 1
| #define HAVE_SETLOCALE 1
| #define HAVE_GETTIMEOFDAY 1
| #define HAVE_SIGNAL 1
| #define HAVE_SIGACTION 1
| #define HAVE_LONG_LONG 1
| #define HAVE_INTMAX_T 1
| #define MPFR_HAVE_INTMAX_MAX 1
| #define MPFR_HAVE_NORETURN 1
| #define MPFR_HAVE_BUILTIN_UNREACHABLE 1
| #define MPFR_HAVE_CONSTRUCTOR_ATTR 1
| #define MPFR_HAVE_FESETROUND 1
| #define HAVE_SUBNORM_DBL 1
| #define HAVE_SUBNORM_FLT 1
| #define HAVE_SIGNEDZ 1
| /* end confdefs.h.  */
| 
| #include <stdio.h>
| #include <math.h>
| #ifndef NAN
| # define NAN (0.0/0.0)
| #endif
| int main (void) {
|   double d;
|   d = NAN;
|   return d != d;
| }
| 
configure:12603: result: no
configure:12631: checking if charset has consecutive values
configure:12661: x86_64-linux-gnu-gcc -o conftest -Wall -Wmissing-prototypes -Wpointer-arith -g -O2 -fdebug-prefix-map=/build/gmp-xrY6Wh/gmp-6.2.0+dfsg=. -fstack-protector-strong -Wformat -Werror=format-security -O3   conftest.c  >&5
configure:12661: $? = 0
configure:12661: ./conftest
configure:12661: $? = 0
configure:12662: result: yes
configure:12680: checking for math/round
configure:12698: x86_64-linux-gnu-gcc -o conftest -Wall -Wmissing-prototypes -Wpointer-arith -g -O2 -fdebug-prefix-map=/build/gmp-xrY6Wh/gmp-6.2.0+dfsg=. -fstack-protector-strong -Wformat -Werror=format-security -O3   conftest.c  -lm >&5
configure:12698: $? = 0
configure:12700: result: yes
configure:12713: checking for math/trunc
configure:12731: x86_64-linux-gnu-gcc -o conftest -Wall -Wmissing-prototypes -Wpointer-arith -g -O2 -fdebug-prefix-map=/build/gmp-xrY6Wh/gmp-6.2.0+dfsg=. -fstack-protector-strong -Wformat -Werror=format-security -O3   conftest.c  -lm >&5
configure:12731: $? = 0
configure:12733: result: yes
configure:12746: checking for math/floor
configure:12764: x86_64-linux-gnu-gcc -o conftest -Wall -Wmissing-prototypes -Wpointer-arith -g -O2 -fdebug-prefix-map=/build/gmp-xrY6Wh/gmp-6.2.0+dfsg=. -fstack-protector-strong -Wformat -Werror=format-security -O3   conftest.c  -lm >&5
configure:12764: $? = 0
configure:12766: result: yes
configure:12779: checking for math/ceil
configure:12797: x86_64-linux-gnu-gcc -o conftest -Wall -Wmissing-prototypes -Wpointer-arith -g -O2 -fdebug-prefix-map=/build/gmp-xrY6Wh/gmp-6.2.0+dfsg=. -fstack-protector-strong -Wformat -Werror=format-security -O3   conftest.c  -lm >&5
configure:12797: $? = 0
configure:12799: result: yes
configure:12812: checking for math/nearbyint
configure:12830: x86_64-linux-gnu-gcc -o conftest -Wall -Wmissing-prototypes -Wpointer-arith -g -O2 -fdebug-prefix-map=/build/gmp-xrY6Wh/gmp-6.2.0+dfsg=. -fstack-protector-strong -Wformat -Werror=format-security -O3   conftest.c  -lm >&5
configure:12830: $? = 0
configure:12832: result: yes
configure:12845: checking for _mulx_u64
configure:12870: x86_64-linux-gnu-gcc -o conftest -Wall -Wmissing-prototypes -Wpointer-arith -g -O2 -fdebug-prefix-map=/build/gmp-xrY6Wh/gmp-6.2.0+dfsg=. -fstack-protector-strong -Wformat -Werror=format-security -O3   conftest.c  -lm >&5
In file included from /usr/lib/gcc/x86_64-linux-gnu/9/include/immintrin.h:105,
                 from conftest.c:54:
conftest.c: In function 'main':
/usr/lib/gcc/x86_64-linux-gnu/9/include/bmi2intrin.h:83:1: error: inlining failed in call to always_inline '_mulx_u64': target specific option mismatch
   83 | _mulx_u64 (unsigned long long __X, unsigned long long __Y,
      | ^~~~~~~~~
conftest.c:62:2: note: called from here
   62 |  _mulx_u64(-1, -1, &h2);
      |  ^~~~~~~~~~~~~~~~~~~~~~
In file included from /usr/lib/gcc/x86_64-linux-gnu/9/include/immintrin.h:105,
                 from conftest.c:54:
/usr/lib/gcc/x86_64-linux-gnu/9/include/bmi2intrin.h:83:1: error: inlining failed in call to always_inline '_mulx_u64': target specific option mismatch
   83 | _mulx_u64 (unsigned long long __X, unsigned long long __Y,
      | ^~~~~~~~~
conftest.c:61:2: note: called from here
   61 |  _mulx_u64(17, 42, &h1);
      |  ^~~~~~~~~~~~~~~~~~~~~~
configure:12870: $? = 1
configure: program exited with status 1
configure: failed program was:
| /* confdefs.h */
| #define PACKAGE_NAME "MPFR"
| #define PACKAGE_TARNAME "mpfr"
| #define PACKAGE_VERSION "4.1.0"
| #define PACKAGE_STRING "MPFR 4.1.0"
| #define PACKAGE_BUGREPORT ""
| #define PACKAGE_URL ""
| #define STDC_HEADERS 1
| #define HAVE_SYS_TYPES_H 1
| #define HAVE_SYS_STAT_H 1
| #define HAVE_STDLIB_H 1
| #define HAVE_STRING_H 1
| #define HAVE_MEMORY_H 1
| #define HAVE_STRINGS_H 1
| #define HAVE_INTTYPES_H 1
| #define HAVE_STDINT_H 1
| #define HAVE_UNISTD_H 1
| #define HAVE_DLFCN_H 1
| #define LT_OBJDIR ".libs/"
| #define HAVE_LITTLE_ENDIAN 1
| #define HAVE_CLOCK_GETTIME 1
| #define TIME_WITH_SYS_TIME 1
| #define HAVE_LOCALE_H 1
| #define HAVE_WCHAR_H 1
| #define HAVE_STDARG 1
| #define HAVE_SYS_TIME_H 1
| #define HAVE_STRUCT_LCONV_DECIMAL_POINT 1
| #define HAVE_STRUCT_LCONV_THOUSANDS_SEP 1
| #define HAVE_ALLOCA_H 1
| #define HAVE_ALLOCA 1
| #define HAVE_UINTPTR_T 1
| #define HAVE_VA_COPY 1
| #define HAVE_SETLOCALE 1
| #define HAVE_GETTIMEOFDAY 1
| #define HAVE_SIGNAL 1
| #define HAVE_SIGACTION 1
| #define HAVE_LONG_LONG 1
| #define HAVE_INTMAX_T 1
| #define MPFR_HAVE_INTMAX_MAX 1
| #define MPFR_HAVE_NORETURN 1
| #define MPFR_HAVE_BUILTIN_UNREACHABLE 1
| #define MPFR_HAVE_CONSTRUCTOR_ATTR 1
| #define MPFR_HAVE_FESETROUND 1
| #define HAVE_SUBNORM_DBL 1
| #define HAVE_SUBNORM_FLT 1
| #define HAVE_SIGNEDZ 1
| #define HAVE_ROUND 1
| #define HAVE_TRUNC 1
| #define HAVE_FLOOR 1
| #define HAVE_CEIL 1
| #define HAVE_NEARBYINT 1
| /* end confdefs.h.  */
| 
| #include <immintrin.h>
| 
| int
| main (void)
| {
| 
|  unsigned long long h1, h2;
|  _mulx_u64(17, 42, &h1);
|  _mulx_u64(-1, -1, &h2);
|  return h1 == 0 && h2 == -2 ? 0 : 1;
| 
|   ;
|   return 0;
| }
configure:12878: result: no
configure:12892: checking format of floating-point type `double'
configure:12926: x86_64-linux-gnu-gcc -Wall -Wmissing-prototypes -Wpointer-arith -g -O2 -fdebug-prefix-map=/build/gmp-xrY6Wh/gmp-6.2.0+dfsg=. -fstack-protector-strong -Wformat -Werror=format-security -O3   conftest.c -o conftest >&5 2>&1
configure:12929: $? = 0
configure:13223: result: IEEE double, little endian
configure:13245: checking format of floating-point type `long double'
configure:13279: x86_64-linux-gnu-gcc -Wall -Wmissing-prototypes -Wpointer-arith -g -O2 -fdebug-prefix-map=/build/gmp-xrY6Wh/gmp-6.2.0+dfsg=. -fstack-protector-strong -Wformat -Werror=format-security -O3   conftest.c -o conftest >&5 2>&1
configure:13282: $? = 0
configure:13576: result: IEEE extended, little endian (16 bytes)
configure:13632: checking for TLS support using C11
configure:13653: x86_64-linux-gnu-gcc -o conftest -Wall -Wmissing-prototypes -Wpointer-arith -g -O2 -fdebug-prefix-map=/build/gmp-xrY6Wh/gmp-6.2.0+dfsg=. -fstack-protector-strong -Wformat -Werror=format-security -O3  -I./src  conftest.c  >&5
configure:13653: $? = 0
configure:13653: ./conftest
configure:13653: $? = 0
configure:13654: result: yes
configure:13733: checking if compiler knows _Decimal64
configure:13746: x86_64-linux-gnu-gcc -c -Wall -Wmissing-prototypes -Wpointer-arith -g -O2 -fdebug-prefix-map=/build/gmp-xrY6Wh/gmp-6.2.0+dfsg=. -fstack-protector-strong -Wformat -Werror=format-security -O3  conftest.c >&5
configure:13746: $? = 0
configure:13747: result: yes
configure:13749: checking decimal float format
configure:13776: x86_64-linux-gnu-gcc -o conftest -Wall -Wmissing-prototypes -Wpointer-arith -g -O2 -fdebug-prefix-map=/build/gmp-xrY6Wh/gmp-6.2.0+dfsg=. -fstack-protector-strong -Wformat -Werror=format-security -O3   conftest.c  >&5
configure:13776: $? = 0
configure:13776: ./conftest
configure:13776: $? = 81
configure: program exited with status 81
configure: failed program was:
| /* confdefs.h */
| #define PACKAGE_NAME "MPFR"
| #define PACKAGE_TARNAME "mpfr"
| #define PACKAGE_VERSION "4.1.0"
| #define PACKAGE_STRING "MPFR 4.1.0"
| #define PACKAGE_BUGREPORT ""
| #define PACKAGE_URL ""
| #define STDC_HEADERS 1
| #define HAVE_SYS_TYPES_H 1
| #define HAVE_SYS_STAT_H 1
| #define HAVE_STDLIB_H 1
| #define HAVE_STRING_H 1
| #define HAVE_MEMORY_H 1
| #define HAVE_STRINGS_H 1
| #define HAVE_INTTYPES_H 1
| #define HAVE_STDINT_H 1
| #define HAVE_UNISTD_H 1
| #define HAVE_DLFCN_H 1
| #define LT_OBJDIR ".libs/"
| #define HAVE_LITTLE_ENDIAN 1
| #define HAVE_CLOCK_GETTIME 1
| #define TIME_WITH_SYS_TIME 1
| #define HAVE_LOCALE_H 1
| #define HAVE_WCHAR_H 1
| #define HAVE_STDARG 1
| #define HAVE_SYS_TIME_H 1
| #define HAVE_STRUCT_LCONV_DECIMAL_POINT 1
| #define HAVE_STRUCT_LCONV_THOUSANDS_SEP 1
| #define HAVE_ALLOCA_H 1
| #define HAVE_ALLOCA 1
| #define HAVE_UINTPTR_T 1
| #define HAVE_VA_COPY 1
| #define HAVE_SETLOCALE 1
| #define HAVE_GETTIMEOFDAY 1
| #define HAVE_SIGNAL 1
| #define HAVE_SIGACTION 1
| #define HAVE_LONG_LONG 1
| #define HAVE_INTMAX_T 1
| #define MPFR_HAVE_INTMAX_MAX 1
| #define MPFR_HAVE_NORETURN 1
| #define MPFR_HAVE_BUILTIN_UNREACHABLE 1
| #define MPFR_HAVE_CONSTRUCTOR_ATTR 1
| #define MPFR_HAVE_FESETROUND 1
| #define HAVE_SUBNORM_DBL 1
| #define HAVE_SUBNORM_FLT 1
| #define HAVE_SIGNEDZ 1
| #define HAVE_ROUND 1
| #define HAVE_TRUNC 1
| #define HAVE_FLOOR 1
| #define HAVE_CEIL 1
| #define HAVE_NEARBYINT 1
| #define HAVE_DOUBLE_IEEE_LITTLE_ENDIAN 1
| #define HAVE_LDOUBLE_IEEE_EXT_LITTLE 1
| #define MPFR_USE_THREAD_SAFE 1
| #define MPFR_USE_C11_THREAD_SAFE 1
| /* end confdefs.h.  */
| 
| #include <stdlib.h>
| 
| int
| main (void)
| {
| 
| volatile _Decimal64 x = 1;
| union { double d; _Decimal64 d64; } y;
| if (x != x) return 83;
| y.d64 = 1234567890123456.0dd;
| return y.d == 0.14894469406741037E-123 ? 80 :
|        y.d == 0.59075095508629822E-68  ? 81 : 82;
| 
|   ;
|   return 0;
| }
configure:13794: result: BID
configure:13868: checking bit-field ordering for _Decimal128
configure:13910: x86_64-linux-gnu-gcc -o conftest -Wall -Wmissing-prototypes -Wpointer-arith -g -O2 -fdebug-prefix-map=/build/gmp-xrY6Wh/gmp-6.2.0+dfsg=. -fstack-protector-strong -Wformat -Werror=format-security -O3   conftest.c  >&5
configure:13910: $? = 0
configure:13910: ./conftest
configure:13910: $? = 80
configure: program exited with status 80
configure: failed program was:
| /* confdefs.h */
| #define PACKAGE_NAME "MPFR"
| #define PACKAGE_TARNAME "mpfr"
| #define PACKAGE_VERSION "4.1.0"
| #define PACKAGE_STRING "MPFR 4.1.0"
| #define PACKAGE_BUGREPORT ""
| #define PACKAGE_URL ""
| #define STDC_HEADERS 1
| #define HAVE_SYS_TYPES_H 1
| #define HAVE_SYS_STAT_H 1
| #define HAVE_STDLIB_H 1
| #define HAVE_STRING_H 1
| #define HAVE_MEMORY_H 1
| #define HAVE_STRINGS_H 1
| #define HAVE_INTTYPES_H 1
| #define HAVE_STDINT_H 1
| #define HAVE_UNISTD_H 1
| #define HAVE_DLFCN_H 1
| #define LT_OBJDIR ".libs/"
| #define HAVE_LITTLE_ENDIAN 1
| #define HAVE_CLOCK_GETTIME 1
| #define TIME_WITH_SYS_TIME 1
| #define HAVE_LOCALE_H 1
| #define HAVE_WCHAR_H 1
| #define HAVE_STDARG 1
| #define HAVE_SYS_TIME_H 1
| #define HAVE_STRUCT_LCONV_DECIMAL_POINT 1
| #define HAVE_STRUCT_LCONV_THOUSANDS_SEP 1
| #define HAVE_ALLOCA_H 1
| #define HAVE_ALLOCA 1
| #define HAVE_UINTPTR_T 1
| #define HAVE_VA_COPY 1
| #define HAVE_SETLOCALE 1
| #define HAVE_GETTIMEOFDAY 1
| #define HAVE_SIGNAL 1
| #define HAVE_SIGACTION 1
| #define HAVE_LONG_LONG 1
| #define HAVE_INTMAX_T 1
| #define MPFR_HAVE_INTMAX_MAX 1
| #define MPFR_HAVE_NORETURN 1
| #define MPFR_HAVE_BUILTIN_UNREACHABLE 1
| #define MPFR_HAVE_CONSTRUCTOR_ATTR 1
| #define MPFR_HAVE_FESETROUND 1
| #define HAVE_SUBNORM_DBL 1
| #define HAVE_SUBNORM_FLT 1
| #define HAVE_SIGNEDZ 1
| #define HAVE_ROUND 1
| #define HAVE_TRUNC 1
| #define HAVE_FLOOR 1
| #define HAVE_CEIL 1
| #define HAVE_NEARBYINT 1
| #define HAVE_DOUBLE_IEEE_LITTLE_ENDIAN 1
| #define HAVE_LDOUBLE_IEEE_EXT_LITTLE 1
| #define MPFR_USE_THREAD_SAFE 1
| #define MPFR_USE_C11_THREAD_SAFE 1
| #define MPFR_WANT_DECIMAL_FLOATS 1
| #define DECIMAL_BID_FORMAT 1
| /* end confdefs.h.  */
| 
| 
| int
| main (void)
| {
| 
|     union ieee_decimal128
|     {
|       struct
|       {
|         unsigned int t3:32;
|         unsigned int t2:32;
|         unsigned int t1:32;
|         unsigned int t0:14;
|         unsigned int comb:17;
|         unsigned int sig:1;
|       } s;
|       _Decimal128 d128;
|     } x;
| 
|     x.d128 = 1.0dl;
|     if (x.s.sig == 0 && x.s.comb == 49400 &&
|         x.s.t0 == 0 && x.s.t1 == 0 && x.s.t2 == 0 && x.s.t3 == 10)
|        return 80; /* little endian */
|     else if (x.s.sig == 0 && x.s.comb == 8 &&
|              x.s.t0 == 0 && x.s.t1 == 0 && x.s.t2 == 0 && x.s.t3 == 570933248)
|        return 81; /* big endian */
|     else
|        return 82; /* unknown encoding */
| 
|   ;
|   return 0;
| }
configure:13916: result: little endian
configure:13937: checking if _Float128 with hex constants is supported
configure:13953: x86_64-linux-gnu-gcc -o conftest -Wall -Wmissing-prototypes -Wpointer-arith -g -O2 -fdebug-prefix-map=/build/gmp-xrY6Wh/gmp-6.2.0+dfsg=. -fstack-protector-strong -Wformat -Werror=format-security -O3   conftest.c  >&5
configure:13953: $? = 0
configure:13954: result: yes
configure:14005: checking for Static Assertion support
configure:14026: x86_64-linux-gnu-gcc -c -Wall -Wmissing-prototypes -Wpointer-arith -g -O2 -fdebug-prefix-map=/build/gmp-xrY6Wh/gmp-6.2.0+dfsg=. -fstack-protector-strong -Wformat -Werror=format-security -O3  -I./src conftest.c >&5
configure:14026: $? = 0
configure:14027: result: yes
configure:14138: checking whether gcc __attribute__ ((mode (XX))) works
configure:14154: x86_64-linux-gnu-gcc -c -Wall -Wmissing-prototypes -Wpointer-arith -g -O2 -fdebug-prefix-map=/build/gmp-xrY6Wh/gmp-6.2.0+dfsg=. -fstack-protector-strong -Wformat -Werror=format-security -O3  conftest.c >&5
configure:14154: $? = 0
configure:14162: result: yes
configure:14176: checking for gmp.h
configure:14184: x86_64-linux-gnu-gcc -c -Wall -Wmissing-prototypes -Wpointer-arith -g -O2 -fdebug-prefix-map=/build/gmp-xrY6Wh/gmp-6.2.0+dfsg=. -fstack-protector-strong -Wformat -Werror=format-security -O3  conftest.c >&5
configure:14184: $? = 0
configure:14185: result: yes
configure:14264: checking for recent GMP
configure:14276: x86_64-linux-gnu-gcc -c -Wall -Wmissing-prototypes -Wpointer-arith -g -O2 -fdebug-prefix-map=/build/gmp-xrY6Wh/gmp-6.2.0+dfsg=. -fstack-protector-strong -Wformat -Werror=format-security -O3  conftest.c >&5
configure:14276: $? = 0
configure:14277: result: yes
configure:14288: checking usable gmp.h at link time
configure:14303: x86_64-linux-gnu-gcc -o conftest -Wall -Wmissing-prototypes -Wpointer-arith -g -O2 -fdebug-prefix-map=/build/gmp-xrY6Wh/gmp-6.2.0+dfsg=. -fstack-protector-strong -Wformat -Werror=format-security -O3   conftest.c  >&5
configure:14303: $? = 0
configure:14304: result: yes
configure:14344: checking for GMP_NUMB_BITS and sizeof(mp_limb_t) consistency
configure:14373: x86_64-linux-gnu-gcc -o conftest -Wall -Wmissing-prototypes -Wpointer-arith -g -O2 -fdebug-prefix-map=/build/gmp-xrY6Wh/gmp-6.2.0+dfsg=. -fstack-protector-strong -Wformat -Werror=format-security -O3   conftest.c  >&5
configure:14373: $? = 0
configure:14373: ./conftest
configure:14373: $? = 0
configure:14374: result: yes
configure:14389: checking for __gmpz_init in -lgmp
configure:14414: x86_64-linux-gnu-gcc -o conftest -Wall -Wmissing-prototypes -Wpointer-arith -g -O2 -fdebug-prefix-map=/build/gmp-xrY6Wh/gmp-6.2.0+dfsg=. -fstack-protector-strong -Wformat -Werror=format-security -O3   conftest.c -lgmp   >&5
configure:14414: $? = 0
configure:14423: result: yes
configure:14433: checking if gmp.h version and libgmp version are the same
configure:14472: x86_64-linux-gnu-gcc -o conftest -Wall -Wmissing-prototypes -Wpointer-arith -g -O2 -fdebug-prefix-map=/build/gmp-xrY6Wh/gmp-6.2.0+dfsg=. -fstack-protector-strong -Wformat -Werror=format-security -O3   conftest.c -lgmp  >&5
configure:14472: $? = 0
configure:14472: ./conftest
gmp.h: 6.2.0 / libgmp: 6.2.0
configure:14472: $? = 0
configure:14473: result: yes
configure:14476: checking for GMP library vs header correctness
configure:14521: x86_64-linux-gnu-gcc -o conftest -Wall -Wmissing-prototypes -Wpointer-arith -g -O2 -fdebug-prefix-map=/build/gmp-xrY6Wh/gmp-6.2.0+dfsg=. -fstack-protector-strong -Wformat -Werror=format-security -O3   conftest.c -lgmp  >&5
configure:14521: $? = 0
configure:14521: ./conftest
GMP_NAIL_BITS     = 0
GMP_NUMB_BITS     = 64
mp_bits_per_limb  = 64
sizeof(mp_limb_t) = 8
configure:14521: $? = 0
configure:14532: result: yes
configure:14541: checking for double-to-integer conversion bug
configure:14584: x86_64-linux-gnu-gcc -o conftest -Wall -Wmissing-prototypes -Wpointer-arith -g -O2 -fdebug-prefix-map=/build/gmp-xrY6Wh/gmp-6.2.0+dfsg=. -fstack-protector-strong -Wformat -Werror=format-security -O3   conftest.c -lgmp  >&5
configure:14584: $? = 0
configure:14584: ./conftest
configure:14584: $? = 0
configure:14595: result: no
configure:14606: checking if gmp_printf supports "%jd"
configure:14653: x86_64-linux-gnu-gcc -o conftest -Wall -Wmissing-prototypes -Wpointer-arith -g -O2 -fdebug-prefix-map=/build/gmp-xrY6Wh/gmp-6.2.0+dfsg=. -fstack-protector-strong -Wformat -Werror=format-security -O3   conftest.c -lgmp  >&5
configure:14653: $? = 0
configure:14653: ./conftest
configure:14653: $? = 0
configure:14654: result: yes
configure:14672: checking if gmp_printf supports "%hhd"
configure:14714: x86_64-linux-gnu-gcc -o conftest -Wall -Wmissing-prototypes -Wpointer-arith -g -O2 -fdebug-prefix-map=/build/gmp-xrY6Wh/gmp-6.2.0+dfsg=. -fstack-protector-strong -Wformat -Werror=format-security -O3   conftest.c -lgmp  >&5
configure:14714: $? = 0
configure:14714: ./conftest
configure:14714: $? = 0
configure:14715: result: yes
configure:14732: checking if gmp_printf supports "%lld"
configure:14774: x86_64-linux-gnu-gcc -o conftest -Wall -Wmissing-prototypes -Wpointer-arith -g -O2 -fdebug-prefix-map=/build/gmp-xrY6Wh/gmp-6.2.0+dfsg=. -fstack-protector-strong -Wformat -Werror=format-security -O3   conftest.c -lgmp  >&5
configure:14774: $? = 0
configure:14774: ./conftest
configure:14774: $? = 0
configure:14775: result: yes
configure:14792: checking if gmp_printf supports "%Lf"
configure:14836: x86_64-linux-gnu-gcc -o conftest -Wall -Wmissing-prototypes -Wpointer-arith -g -O2 -fdebug-prefix-map=/build/gmp-xrY6Wh/gmp-6.2.0+dfsg=. -fstack-protector-strong -Wformat -Werror=format-security -O3   conftest.c -lgmp  >&5
configure:14836: $? = 0
configure:14836: ./conftest
configure:14836: $? = 0
configure:14837: result: yes
configure:14856: checking if gmp_printf supports "%td"
configure:14905: x86_64-linux-gnu-gcc -o conftest -Wall -Wmissing-prototypes -Wpointer-arith -g -O2 -fdebug-prefix-map=/build/gmp-xrY6Wh/gmp-6.2.0+dfsg=. -fstack-protector-strong -Wformat -Werror=format-security -O3   conftest.c -lgmp  >&5
configure:14905: $? = 0
configure:14905: ./conftest
configure:14905: $? = 0
configure:14906: result: yes
configure:14925: checking if gmp_printf supports the ' group flag
configure:14950: x86_64-linux-gnu-gcc -o conftest -Wall -Wmissing-prototypes -Wpointer-arith -g -O2 -fdebug-prefix-map=/build/gmp-xrY6Wh/gmp-6.2.0+dfsg=. -fstack-protector-strong -Wformat -Werror=format-security -O3   conftest.c -lgmp  >&5
configure:14950: $? = 0
configure:14950: ./conftest
configure:14950: $? = 0
configure:14951: result: yes
configure:15014: checking for __gmpn_sbpi1_divappr_q
configure:15014: x86_64-linux-gnu-gcc -o conftest -Wall -Wmissing-prototypes -Wpointer-arith -g -O2 -fdebug-prefix-map=/build/gmp-xrY6Wh/gmp-6.2.0+dfsg=. -fstack-protector-strong -Wformat -Werror=format-security -O3   conftest.c -lgmp  >&5
configure:15014: $? = 0
configure:15014: result: yes
configure:15025: checking for __gmpn_invert_limb
configure:15025: x86_64-linux-gnu-gcc -o conftest -Wall -Wmissing-prototypes -Wpointer-arith -g -O2 -fdebug-prefix-map=/build/gmp-xrY6Wh/gmp-6.2.0+dfsg=. -fstack-protector-strong -Wformat -Werror=format-security -O3   conftest.c -lgmp  >&5
configure:15025: $? = 0
configure:15025: result: yes
configure:15036: checking for __gmpn_rsblsh1_n
configure:15036: x86_64-linux-gnu-gcc -o conftest -Wall -Wmissing-prototypes -Wpointer-arith -g -O2 -fdebug-prefix-map=/build/gmp-xrY6Wh/gmp-6.2.0+dfsg=. -fstack-protector-strong -Wformat -Werror=format-security -O3   conftest.c -lgmp  >&5
configure:15036: $? = 0
configure:15036: result: yes
configure:15048: checking for long to fit in mp_limb_t
configure:15076: x86_64-linux-gnu-gcc -o conftest -Wall -Wmissing-prototypes -Wpointer-arith -g -O2 -fdebug-prefix-map=/build/gmp-xrY6Wh/gmp-6.2.0+dfsg=. -fstack-protector-strong -Wformat -Werror=format-security -O3  -I./src  conftest.c -lgmp  >&5
configure:15076: $? = 0
configure:15085: result: yes
configure:15098: checking for intmax_t to fit in mp_limb_t
configure:15127: x86_64-linux-gnu-gcc -o conftest -Wall -Wmissing-prototypes -Wpointer-arith -g -O2 -fdebug-prefix-map=/build/gmp-xrY6Wh/gmp-6.2.0+dfsg=. -fstack-protector-strong -Wformat -Werror=format-security -O3  -I./src -DMPFR_NEED_INTMAX_H  conftest.c -lgmp  >&5
configure:15127: $? = 0
configure:15136: result: yes
configure:15216: checking for getrusage
configure:15216: x86_64-linux-gnu-gcc -o conftest -Wall -Wmissing-prototypes -Wpointer-arith -g -O2 -fdebug-prefix-map=/build/gmp-xrY6Wh/gmp-6.2.0+dfsg=. -fstack-protector-strong -Wformat -Werror=format-security -O3   conftest.c -lgmp  >&5
configure:15216: $? = 0
configure:15216: result: yes
configure:15381: checking that generated files are newer than configure
configure:15387: result: done
configure:15418: creating ./config.status

## ---------------------- ##
## Running config.status. ##
## ---------------------- ##

This file was extended by MPFR config.status 4.1.0, which was
generated by GNU Autoconf 2.69.  Invocation command line was

  CONFIG_FILES    = 
  CONFIG_HEADERS  = 
  CONFIG_LINKS    = 
  CONFIG_COMMANDS = 
  $ ./config.status 

on gnye8-IdeaPad-Flex-5-14ARE05

config.status:1035: creating Makefile
config.status:1035: creating mpfr.pc
config.status:1035: creating doc/Makefile
config.status:1035: creating src/Makefile
config.status:1035: creating tests/Makefile
config.status:1035: creating tune/Makefile
config.status:1035: creating src/mparam.h
config.status:1035: creating tools/bench/Makefile
config.status:1207: executing depfiles commands
config.status:1284: cd src       && sed -e '/# am--include-marker/d' Makefile         | make -f - am--depfiles
config.status:1289: $? = 0
config.status:1284: cd tests       && sed -e '/# am--include-marker/d' Makefile         | make -f - am--depfiles
config.status:1289: $? = 0
config.status:1284: cd tune       && sed -e '/# am--include-marker/d' Makefile         | make -f - am--depfiles
config.status:1289: $? = 0
config.status:1284: cd tools/bench       && sed -e '/# am--include-marker/d' Makefile         | make -f - am--depfiles
config.status:1289: $? = 0
config.status:1207: executing libtool commands

## ---------------- ##
## Cache variables. ##
## ---------------- ##

ac_cv_build=x86_64-pc-linux-gnu
ac_cv_c_bigendian=no
ac_cv_c_compiler_gnu=yes
ac_cv_c_const=yes
ac_cv_c_volatile=yes
ac_cv_env_CC_set=
ac_cv_env_CC_value=
ac_cv_env_CFLAGS_set=
ac_cv_env_CFLAGS_value=
ac_cv_env_CPPFLAGS_set=
ac_cv_env_CPPFLAGS_value=
ac_cv_env_CPP_set=
ac_cv_env_CPP_value=
ac_cv_env_LDFLAGS_set=
ac_cv_env_LDFLAGS_value=
ac_cv_env_LIBS_set=
ac_cv_env_LIBS_value=
ac_cv_env_LT_SYS_LIBRARY_PATH_set=
ac_cv_env_LT_SYS_LIBRARY_PATH_value=
ac_cv_env_build_alias_set=
ac_cv_env_build_alias_value=
ac_cv_env_host_alias_set=
ac_cv_env_host_alias_value=
ac_cv_env_target_alias_set=
ac_cv_env_target_alias_value=
ac_cv_func___gmpn_invert_limb=yes
ac_cv_func___gmpn_rsblsh1_n=yes
ac_cv_func___gmpn_sbpi1_divappr_q=yes
ac_cv_func_alloca_works=yes
ac_cv_func_getrusage=yes
ac_cv_func_gettimeofday=yes
ac_cv_func_setlocale=yes
ac_cv_func_signal=yes
ac_cv_header_dlfcn_h=yes
ac_cv_header_float_h=yes
ac_cv_header_inttypes_h=yes
ac_cv_header_limits_h=yes
ac_cv_header_locale_h=yes
ac_cv_header_memory_h=yes
ac_cv_header_stdarg_h=yes
ac_cv_header_stdc=yes
ac_cv_header_stdint_h=yes
ac_cv_header_stdlib_h=yes
ac_cv_header_string_h=yes
ac_cv_header_strings_h=yes
ac_cv_header_sys_fpu_h=no
ac_cv_header_sys_stat_h=yes
ac_cv_header_sys_time_h=yes
ac_cv_header_sys_types_h=yes
ac_cv_header_time=yes
ac_cv_header_unistd_h=yes
ac_cv_header_wchar_h=yes
ac_cv_host=x86_64-pc-linux-gnu
ac_cv_lib_gmp___gmpz_init=yes
ac_cv_lib_m_main=yes
ac_cv_lib_quadmath_main=yes
ac_cv_member_struct_lconv_decimal_point=yes
ac_cv_member_struct_lconv_thousands_sep=yes
ac_cv_objext=o
ac_cv_path_EGREP='/usr/bin/grep -E'
ac_cv_path_FGREP='/usr/bin/grep -F'
ac_cv_path_GREP=/usr/bin/grep
ac_cv_path_SED=/usr/bin/sed
ac_cv_path_install='/usr/bin/install -c'
ac_cv_path_lt_DD=/usr/bin/dd
ac_cv_path_mkdir=/usr/bin/mkdir
ac_cv_prog_AWK=mawk
ac_cv_prog_CPP='x86_64-linux-gnu-gcc -E'
ac_cv_prog_ac_ct_AR=ar
ac_cv_prog_ac_ct_CC=x86_64-linux-gnu-gcc
ac_cv_prog_ac_ct_MANIFEST_TOOL=mt
ac_cv_prog_ac_ct_OBJDUMP=objdump
ac_cv_prog_ac_ct_RANLIB=ranlib
ac_cv_prog_ac_ct_STRIP=strip
ac_cv_prog_cc_c89=
ac_cv_prog_cc_g=yes
ac_cv_prog_make_make_set=yes
ac_cv_search_clock_gettime='none required'
ac_cv_type_intmax_t=yes
ac_cv_type_long_long_int=yes
ac_cv_type_size_t=yes
ac_cv_type_uintptr_t=yes
ac_cv_type_union_fpc_csr=no
ac_cv_working_alloca_h=yes
am_cv_CC_dependencies_compiler_type=gcc3
am_cv_ar_interface=ar
am_cv_make_support_nested_variables=yes
am_cv_prog_cc_c_o=yes
gmp_cv_c_attribute_mode=yes
lt_cv_ar_at_file=@
lt_cv_archive_cmds_need_lc=no
lt_cv_deplibs_check_method=pass_all
lt_cv_file_magic_cmd='$MAGIC_CMD'
lt_cv_file_magic_test_file=
lt_cv_ld_reload_flag=-r
lt_cv_nm_interface='BSD nm'
lt_cv_objdir=.libs
lt_cv_path_LD=/usr/bin/ld
lt_cv_path_NM='/usr/bin/nm -B'
lt_cv_path_mainfest_tool=no
lt_cv_prog_compiler_c_o=yes
lt_cv_prog_compiler_pic='-fPIC -DPIC'
lt_cv_prog_compiler_pic_works=yes
lt_cv_prog_compiler_rtti_exceptions=no
lt_cv_prog_compiler_static_works=yes
lt_cv_prog_gnu_ld=yes
lt_cv_sharedlib_from_linklib_cmd='printf %s\n'
lt_cv_shlibpath_overrides_runpath=yes
lt_cv_sys_global_symbol_pipe='sed -n -e '\''s/^.*[	 ]\([ABCDGIRSTW][ABCDGIRSTW]*\)[	 ][	 ]*\([_A-Za-z][_A-Za-z0-9]*\)$/\1 \2 \2/p'\'' | sed '\''/ __gnu_lto/d'\'''
lt_cv_sys_global_symbol_to_c_name_address='sed -n -e '\''s/^: \(.*\) .*$/  {"\1", (void *) 0},/p'\'' -e '\''s/^[ABCDGIRSTW][ABCDGIRSTW]* .* \(.*\)$/  {"\1", (void *) \&\1},/p'\'''
lt_cv_sys_global_symbol_to_c_name_address_lib_prefix='sed -n -e '\''s/^: \(.*\) .*$/  {"\1", (void *) 0},/p'\'' -e '\''s/^[ABCDGIRSTW][ABCDGIRSTW]* .* \(lib.*\)$/  {"\1", (void *) \&\1},/p'\'' -e '\''s/^[ABCDGIRSTW][ABCDGIRSTW]* .* \(.*\)$/  {"lib\1", (void *) \&\1},/p'\'''
lt_cv_sys_global_symbol_to_cdecl='sed -n -e '\''s/^T .* \(.*\)$/extern int \1();/p'\'' -e '\''s/^[ABCDGIRSTW][ABCDGIRSTW]* .* \(.*\)$/extern char \1;/p'\'''
lt_cv_sys_global_symbol_to_import=
lt_cv_sys_max_cmd_len=1572864
lt_cv_to_host_file_cmd=func_convert_file_noop
lt_cv_to_tool_file_cmd=func_convert_file_noop
lt_cv_truncate_bin='/usr/bin/dd bs=4096 count=1'
mpfr_cv_c_double_format='IEEE double, little endian'
mpfr_cv_c_long_double_format='IEEE extended, little endian (16 bytes)'
mpfr_cv_check_gmp=yes
mpfr_cv_dbl_int_bug=no
mpfr_cv_errdivzero=no
mpfr_cv_gcc_floatconv_bug=no
mpfr_cv_have_builtin_unreachable=yes
mpfr_cv_have_fesetround=yes
mpfr_cv_have_intmax_max=yes
mpfr_cv_have_noreturn=yes
mpfr_cv_have_signedz=yes
mpfr_cv_have_subnorm_dbl=yes
mpfr_cv_have_subnorm_flt=yes
mpfr_cv_intmax_within_limb=yes
mpfr_cv_long_within_limb=yes
mpfr_cv_nanisnan=no

## ----------------- ##
## Output variables. ##
## ----------------- ##

ACLOCAL='${SHELL} /home/gnye8/Desktop/PK_research/PK_predictors/mpfr-4.1.0/missing aclocal-1.16'
ALLOCA=''
AMDEPBACKSLASH='\'
AMDEP_FALSE='#'
AMDEP_TRUE=''
AMTAR='$${TAR-tar}'
AM_BACKSLASH='\'
AM_DEFAULT_V='$(AM_DEFAULT_VERBOSITY)'
AM_DEFAULT_VERBOSITY='1'
AM_V='$(V)'
AR='ar'
AS='as'
AUTOCONF='${SHELL} /home/gnye8/Desktop/PK_research/PK_predictors/mpfr-4.1.0/missing autoconf'
AUTOHEADER='${SHELL} /home/gnye8/Desktop/PK_research/PK_predictors/mpfr-4.1.0/missing autoheader'
AUTOMAKE='${SHELL} /home/gnye8/Desktop/PK_research/PK_predictors/mpfr-4.1.0/missing automake-1.16'
AWK='mawk'
CC='x86_64-linux-gnu-gcc'
CCDEPMODE='depmode=gcc3'
CFLAGS='-Wall -Wmissing-prototypes -Wpointer-arith -g -O2 -fdebug-prefix-map=/build/gmp-xrY6Wh/gmp-6.2.0+dfsg=. -fstack-protector-strong -Wformat -Werror=format-security -O3'
CPP='x86_64-linux-gnu-gcc -E'
CPPFLAGS=''
CYGPATH_W='echo'
DATAFILES=''
DEFS='-DHAVE_INTTYPES_H=1 -DHAVE_STDINT_H=1 -DLT_OBJDIR=\".libs/\" -DHAVE_LITTLE_ENDIAN=1 -DHAVE_CLOCK_GETTIME=1 -DTIME_WITH_SYS_TIME=1 -DHAVE_LOCALE_H=1 -DHAVE_WCHAR_H=1 -DHAVE_STDARG=1 -DHAVE_SYS_TIME_H=1 -DHAVE_STRUCT_LCONV_DECIMAL_POINT=1 -DHAVE_STRUCT_LCONV_THOUSANDS_SEP=1 -DHAVE_ALLOCA_H=1 -DHAVE_ALLOCA=1 -DHAVE_UINTPTR_T=1 -DHAVE_VA_COPY=1 -DHAVE_SETLOCALE=1 -DHAVE_GETTIMEOFDAY=1 -DHAVE_SIGNAL=1 -DHAVE_SIGACTION=1 -DHAVE_LONG_LONG=1 -DHAVE_INTMAX_T=1 -DMPFR_HAVE_INTMAX_MAX=1 -DMPFR_HAVE_NORETURN=1 -DMPFR_HAVE_BUILTIN_UNREACHABLE=1 -DMPFR_HAVE_CONSTRUCTOR_ATTR=1 -DMPFR_HAVE_FESETROUND=1 -DHAVE_SUBNORM_DBL=1 -DHAVE_SUBNORM_FLT=1 -DHAVE_SIGNEDZ=1 -DHAVE_ROUND=1 -DHAVE_TRUNC=1 -DHAVE_FLOOR=1 -DHAVE_CEIL=1 -DHAVE_NEARBYINT=1 -DHAVE_DOUBLE_IEEE_LITTLE_ENDIAN=1 -DHAVE_LDOUBLE_IEEE_EXT_LITTLE=1 -DMPFR_USE_THREAD_SAFE=1 -DMPFR_USE_C11_THREAD_SAFE=1 -DMPFR_WANT_DECIMAL_FLOATS=1 -DDECIMAL_BID_FORMAT=1 -DHAVE_DECIMAL128_IEEE_LITTLE_ENDIAN=1 -DMPFR_WANT_FLOAT128=1 -DMPFR_USE_STATIC_ASSERT=1 -DHAVE_ATTRIBUTE_MODE=1 -DPRINTF_L=1 -DPRINTF_T=1 -DPRINTF_GROUPFLAG=1 -DHAVE___GMPN_SBPI1_DIVAPPR_Q=1 -DHAVE___GMPN_INVERT_LIMB=1 -DHAVE___GMPN_RSBLSH1_N=1 -DMPFR_LONG_WITHIN_LIMB=1 -DMPFR_INTMAX_WITHIN_LIMB=1 -DHAVE_GETRUSAGE=1'
DEPDIR='.deps'
DLLTOOL='false'
DSYMUTIL=''
DUMPBIN=''
ECHO_C=''
ECHO_N='-n'
ECHO_T=''
EGREP='/usr/bin/grep -E'
EXEEXT=''
FGREP='/usr/bin/grep -F'
GREP='/usr/bin/grep'
INSTALL_DATA='${INSTALL} -m 644'
INSTALL_PROGRAM='${INSTALL}'
INSTALL_SCRIPT='${INSTALL}'
INSTALL_STRIP_PROGRAM='$(install_sh) -c -s'
LD='/usr/bin/ld -m elf_x86_64'
LDFLAGS=''
LIBMPFR_LDFLAGS=''
LIBOBJS=''
LIBS='-lgmp '
LIBTOOL='$(SHELL) $(top_builddir)/libtool'
LIPO=''
LN_S='ln -s'
LTLIBOBJS=''
LT_SYS_LIBRARY_PATH=''
MAINT=''
MAINTAINER_MODE_FALSE='#'
MAINTAINER_MODE_TRUE=''
MAKEINFO='${SHELL} /home/gnye8/Desktop/PK_research/PK_predictors/mpfr-4.1.0/missing makeinfo'
MANIFEST_TOOL=':'
MINI_GMP_FALSE=''
MINI_GMP_TRUE='#'
MKDIR_P='/usr/bin/mkdir -p'
MPFR_LDFLAGS=''
MPFR_LIBM='-lm'
MPFR_LIBQUADMATH='-lquadmath'
NM='/usr/bin/nm -B'
NMEDIT=''
OBJDUMP='objdump'
OBJEXT='o'
OTOOL64=''
OTOOL=''
PACKAGE='mpfr'
PACKAGE_BUGREPORT=''
PACKAGE_NAME='MPFR'
PACKAGE_STRING='MPFR 4.1.0'
PACKAGE_TARNAME='mpfr'
PACKAGE_URL=''
PACKAGE_VERSION='4.1.0'
PATH_SEPARATOR=':'
PTHREAD_CC=''
PTHREAD_CFLAGS=''
PTHREAD_LIBS=''
RANLIB='ranlib'
SED='/usr/bin/sed'
SET_MAKE=''
SHELL='/bin/bash'
STRIP='strip'
TUNE_LIBS=''
VERSION='4.1.0'
ac_ct_AR='ar'
ac_ct_CC='x86_64-linux-gnu-gcc'
ac_ct_DUMPBIN=''
am__EXEEXT_FALSE=''
am__EXEEXT_TRUE='#'
am__fastdepCC_FALSE='#'
am__fastdepCC_TRUE=''
am__include='include'
am__isrc=''
am__leading_dot='.'
am__nodep='_no'
am__quote=''
am__tar='$${TAR-tar} chof - "$$tardir"'
am__untar='$${TAR-tar} xf -'
ax_pthread_config=''
bindir='${exec_prefix}/bin'
build='x86_64-pc-linux-gnu'
build_alias=''
build_cpu='x86_64'
build_os='linux-gnu'
build_vendor='pc'
datadir='${datarootdir}'
datarootdir='${prefix}/share'
docdir='${datarootdir}/doc/${PACKAGE_TARNAME}'
dvidir='${docdir}'
exec_prefix='${prefix}'
host='x86_64-pc-linux-gnu'
host_alias=''
host_cpu='x86_64'
host_os='linux-gnu'
host_vendor='pc'
htmldir='${docdir}'
includedir='${prefix}/include'
infodir='${datarootdir}/info'
install_sh='${SHELL} /home/gnye8/Desktop/PK_research/PK_predictors/mpfr-4.1.0/install-sh'
libdir='${exec_prefix}/lib'
libexecdir='${exec_prefix}/libexec'
localedir='${datarootdir}/locale'
localstatedir='${prefix}/var'
mandir='${datarootdir}/man'
mini_gmp_path=''
mkdir_p='$(MKDIR_P)'
oldincludedir='/usr/include'
pdfdir='${docdir}'
prefix='/usr/local'
program_transform_name='s,x,x,'
psdir='${docdir}'
runstatedir='${localstatedir}/run'
sbindir='${exec_prefix}/sbin'
sharedstatedir='${prefix}/com'
sysconfdir='${prefix}/etc'
target_alias=''

## ----------- ##
## confdefs.h. ##
## ----------- ##

/* confdefs.h */
#define HAVE_INTTYPES_H 1
#define HAVE_STDINT_H 1
#define LT_OBJDIR ".libs/"
#define HAVE_LITTLE_ENDIAN 1
#define HAVE_CLOCK_GETTIME 1
#define TIME_WITH_SYS_TIME 1
#define HAVE_LOCALE_H 1
#define HAVE_WCHAR_H 1
#define HAVE_STDARG 1
#define HAVE_SYS_TIME_H 1
#define HAVE_STRUCT_LCONV_DECIMAL_POINT 1
#define HAVE_STRUCT_LCONV_THOUSANDS_SEP 1
#define HAVE_ALLOCA_H 1
#define HAVE_ALLOCA 1
#define HAVE_UINTPTR_T 1
#define HAVE_VA_COPY 1
#define HAVE_SETLOCALE 1
#define HAVE_GETTIMEOFDAY 1
#define HAVE_SIGNAL 1
#define HAVE_SIGACTION 1
#define HAVE_LONG_LONG 1
#define HAVE_INTMAX_T 1
#define MPFR_HAVE_INTMAX_MAX 1
#define MPFR_HAVE_NORETURN 1
#define MPFR_HAVE_BUILTIN_UNREACHABLE 1
#define MPFR_HAVE_CONSTRUCTOR_ATTR 1
#define MPFR_HAVE_FESETROUND 1
#define HAVE_SUBNORM_DBL 1
#define HAVE_SUBNORM_FLT 1
#define HAVE_SIGNEDZ 1
#define HAVE_ROUND 1
#define HAVE_TRUNC 1
#define HAVE_FLOOR 1
#define HAVE_CEIL 1
#define HAVE_NEARBYINT 1
#define HAVE_DOUBLE_IEEE_LITTLE_ENDIAN 1
#define HAVE_LDOUBLE_IEEE_EXT_LITTLE 1
#define MPFR_USE_THREAD_SAFE 1
#define MPFR_USE_C11_THREAD_SAFE 1
#define MPFR_WANT_DECIMAL_FLOATS 1
#define DECIMAL_BID_FORMAT 1
#define HAVE_DECIMAL128_IEEE_LITTLE_ENDIAN 1
#define MPFR_WANT_FLOAT128 1
#define MPFR_USE_STATIC_ASSERT 1
#define HAVE_ATTRIBUTE_MODE 1
#define PRINTF_L 1
#define PRINTF_T 1
#define PRINTF_GROUPFLAG 1
#define HAVE___GMPN_SBPI1_DIVAPPR_Q 1
#define HAVE___GMPN_INVERT_LIMB 1
#define HAVE___GMPN_RSBLSH1_N 1
#define MPFR_LONG_WITHIN_LIMB 1
#define MPFR_INTMAX_WITHIN_LIMB 1
#define HAVE_GETRUSAGE 1

configure: exit 0
