This file contains any messages produced by compilers while
running configure, to aid debugging if configure makes a mistake.

It was created by kinfold configure 1.4, which was
generated by GNU Autoconf 2.71.  Invocation command line was

  $ ./configure --disable-option-checking --prefix=/home/gnye8/Desktop/PK_research/RNA_structure_programs/ViennaRNA-2.4.18/bin PKG_CONFIG_PATH=/home/gnye8/Desktop/PK_research/RNA_structure_programs/ViennaRNA-2.4.18/libtool/pkgconfig:/home/gnye8/Desktop/PK_research/RNA_structure_programs/ViennaRNA-2.4.18/libtool/pkgconfig:/home/gnye8/Desktop/PK_research/RNA_structure_programs/ViennaRNA-2.4.18/RNAlib2.pc/pkgconfig:/home/gnye8/Desktop/PK_research/RNA_structure_programs/ViennaRNA-2.4.18/lib/pkgconfig: CC=gcc CXX=g++ 'CFLAGS=-g -O2' 'CXXFLAGS=-g -O2' AR=gcc-ar RANLIB=gcc-ranlib NM=gcc-nm 'VRNA_CFLAGS=-I$(top_srcdir)/../../src/ViennaRNA -I$(top_srcdir)/../../src' 'VRNA_LIBS=-fno-strict-aliasing -flto -L$(top_builddir)/../../src/ViennaRNA -lRNA -fopenmp -lpthread -lstdc++' --cache-file=/dev/null --srcdir=.

## --------- ##
## Platform. ##
## --------- ##

hostname = gnye8-IdeaPad-Flex-5-14ARE05
uname -m = x86_64
uname -r = 5.11.0-37-generic
uname -s = Linux
uname -v = #41~20.04.2-Ubuntu SMP Fri Sep 24 09:06:38 UTC 2021

/usr/bin/uname -p = x86_64
/bin/uname -X     = unknown

/bin/arch              = x86_64
/usr/bin/arch -k       = unknown
/usr/convex/getsysinfo = unknown
/usr/bin/hostinfo      = unknown
/bin/machine           = unknown
/usr/bin/oslevel       = unknown
/bin/universe          = unknown

PATH: /home/gnye8/anaconda3/bin/
PATH: /home/gnye8/anaconda3/condabin/
PATH: /usr/local/sbin/
PATH: /usr/local/bin/
PATH: /usr/sbin/
PATH: /usr/bin/
PATH: /sbin/
PATH: /bin/
PATH: /usr/games/
PATH: /usr/local/games/
PATH: /snap/bin/


## ----------- ##
## Core tests. ##
## ----------- ##

configure:2324: looking for aux files: config.guess config.sub compile missing install-sh
configure:2337:  trying ./
configure:2366:   ./config.guess found
configure:2366:   ./config.sub found
configure:2366:   ./compile found
configure:2366:   ./missing found
configure:2348:   ./install-sh found
configure:2491: checking whether make supports nested variables
configure:2509: result: yes
configure:2538: checking for a BSD-compatible install
configure:2611: result: /usr/bin/install -c
configure:2622: checking whether build environment is sane
configure:2677: result: yes
configure:2834: checking for a race-free mkdir -p
configure:2878: result: /usr/bin/mkdir -p
configure:2885: checking for gawk
configure:2920: result: no
configure:2885: checking for mawk
configure:2906: found /usr/bin/mawk
configure:2917: result: mawk
configure:2928: checking whether make sets $(MAKE)
configure:2951: result: yes
configure:3081: checking if malloc debugging is wanted
configure:3100: result: no
configure:3168: checking for gcc
configure:3200: result: gcc
configure:3553: checking for C compiler version
configure:3562: gcc --version >&5
gcc (Ubuntu 9.3.0-17ubuntu1~20.04) 9.3.0
Copyright (C) 2019 Free Software Foundation, Inc.
This is free software; see the source for copying conditions.  There is NO
warranty; not even for MERCHANTABILITY or FITNESS FOR A PARTICULAR PURPOSE.

configure:3573: $? = 0
configure:3562: gcc -v >&5
Using built-in specs.
COLLECT_GCC=gcc
COLLECT_LTO_WRAPPER=/usr/lib/gcc/x86_64-linux-gnu/9/lto-wrapper
OFFLOAD_TARGET_NAMES=nvptx-none:hsa
OFFLOAD_TARGET_DEFAULT=1
Target: x86_64-linux-gnu
Configured with: ../src/configure -v --with-pkgversion='Ubuntu 9.3.0-17ubuntu1~20.04' --with-bugurl=file:///usr/share/doc/gcc-9/README.Bugs --enable-languages=c,ada,c++,go,brig,d,fortran,objc,obj-c++,gm2 --prefix=/usr --with-gcc-major-version-only --program-suffix=-9 --program-prefix=x86_64-linux-gnu- --enable-shared --enable-linker-build-id --libexecdir=/usr/lib --without-included-gettext --enable-threads=posix --libdir=/usr/lib --enable-nls --enable-clocale=gnu --enable-libstdcxx-debug --enable-libstdcxx-time=yes --with-default-libstdcxx-abi=new --enable-gnu-unique-object --disable-vtable-verify --enable-plugin --enable-default-pie --with-system-zlib --with-target-system-zlib=auto --enable-objc-gc=auto --enable-multiarch --disable-werror --with-arch-32=i686 --with-abi=m64 --with-multilib-list=m32,m64,mx32 --enable-multilib --with-tune=generic --enable-offload-targets=nvptx-none=/build/gcc-9-HskZEa/gcc-9-9.3.0/debian/tmp-nvptx/usr,hsa --without-cuda-driver --enable-checking=release --build=x86_64-linux-gnu --host=x86_64-linux-gnu --target=x86_64-linux-gnu
Thread model: posix
gcc version 9.3.0 (Ubuntu 9.3.0-17ubuntu1~20.04) 
configure:3573: $? = 0
configure:3562: gcc -V >&5
gcc: error: unrecognized command line option '-V'
gcc: fatal error: no input files
compilation terminated.
configure:3573: $? = 1
configure:3562: gcc -qversion >&5
gcc: error: unrecognized command line option '-qversion'; did you mean '--version'?
gcc: fatal error: no input files
compilation terminated.
configure:3573: $? = 1
configure:3562: gcc -version >&5
gcc: error: unrecognized command line option '-version'
gcc: fatal error: no input files
compilation terminated.
configure:3573: $? = 1
configure:3593: checking whether the C compiler works
configure:3615: gcc -g -O2   conftest.c  >&5
configure:3619: $? = 0
configure:3669: result: yes
configure:3672: checking for C compiler default output file name
configure:3674: result: a.out
configure:3680: checking for suffix of executables
configure:3687: gcc -o conftest -g -O2   conftest.c  >&5
configure:3691: $? = 0
configure:3714: result: 
configure:3736: checking whether we are cross compiling
configure:3744: gcc -o conftest -g -O2   conftest.c  >&5
configure:3748: $? = 0
configure:3755: ./conftest
configure:3759: $? = 0
configure:3747: result: no
configure:3752: checking for suffix of object files
configure:3775: gcc -c -g -O2  conftest.c >&5
configure:3779: $? = 0
configure:3801: result: o
configure:3805: checking whether the compiler supports GNU C
configure:3825: gcc -c -g -O2  conftest.c >&5
configure:3825: $? = 0
configure:3835: result: yes
configure:3846: checking whether gcc accepts -g
configure:3867: gcc -c -g  conftest.c >&5
configure:3867: $? = 0
configure:3911: result: yes
configure:3931: checking for gcc option to enable C11 features
configure:3946: gcc  -c -g -O2  conftest.c >&5
configure:3946: $? = 0
configure:3964: result: none needed
configure:4080: checking whether gcc understands -c and -o together
configure:4103: gcc -c conftest.c -o conftest2.o
configure:4106: $? = 0
configure:4103: gcc -c conftest.c -o conftest2.o
configure:4106: $? = 0
configure:4118: result: yes
configure:4138: checking whether make supports the include directive
configure:4153: make -f confmf.GNU && cat confinc.out
this is the am__doit target
configure:4156: $? = 0
configure:4175: result: yes (GNU style)
configure:4201: checking dependency style of gcc
configure:4313: result: gcc3
configure:4343: checking build system type
configure:4358: result: x86_64-pc-linux-gnu
configure:4378: checking host system type
configure:4392: result: x86_64-pc-linux-gnu
configure:4414: checking for strdup
configure:4414: gcc -o conftest -g -O2   conftest.c  >&5
conftest.c:27:6: warning: conflicting types for built-in function 'strdup'; expected 'char *(const char *)' [-Wbuiltin-declaration-mismatch]
   27 | char strdup ();
      |      ^~~~~~
configure:4414: $? = 0
configure:4414: result: yes
configure:4420: checking for memset
configure:4420: gcc -o conftest -g -O2   conftest.c  >&5
conftest.c:28:6: warning: conflicting types for built-in function 'memset'; expected 'void *(void *, int,  long unsigned int)' [-Wbuiltin-declaration-mismatch]
   28 | char memset ();
      |      ^~~~~~
conftest.c:20:1: note: 'memset' is declared in header '<string.h>'
   19 | #include <limits.h>
   20 | #undef memset
configure:4420: $? = 0
configure:4420: result: yes
configure:4426: checking for strchr
configure:4426: gcc -o conftest -g -O2   conftest.c  >&5
conftest.c:29:6: warning: conflicting types for built-in function 'strchr'; expected 'char *(const char *, int)' [-Wbuiltin-declaration-mismatch]
   29 | char strchr ();
      |      ^~~~~~
conftest.c:21:1: note: 'strchr' is declared in header '<string.h>'
   20 | #include <limits.h>
   21 | #undef strchr
configure:4426: $? = 0
configure:4426: result: yes
configure:4493: checking for pkg-config
configure:4516: found /usr/bin/pkg-config
configure:4528: result: /usr/bin/pkg-config
configure:4553: checking pkg-config is at least version 0.9.0
configure:4556: result: yes
configure:4585: checking for VRNA
configure:4830: result: yes
configure:4883: checking for stdio.h
configure:4883: gcc -c -g -O2  conftest.c >&5
configure:4883: $? = 0
configure:4883: result: yes
configure:4883: checking for stdlib.h
configure:4883: gcc -c -g -O2  conftest.c >&5
configure:4883: $? = 0
configure:4883: result: yes
configure:4883: checking for string.h
configure:4883: gcc -c -g -O2  conftest.c >&5
configure:4883: $? = 0
configure:4883: result: yes
configure:4883: checking for inttypes.h
configure:4883: gcc -c -g -O2  conftest.c >&5
configure:4883: $? = 0
configure:4883: result: yes
configure:4883: checking for stdint.h
configure:4883: gcc -c -g -O2  conftest.c >&5
configure:4883: $? = 0
configure:4883: result: yes
configure:4883: checking for strings.h
configure:4883: gcc -c -g -O2  conftest.c >&5
configure:4883: $? = 0
configure:4883: result: yes
configure:4883: checking for sys/stat.h
configure:4883: gcc -c -g -O2  conftest.c >&5
configure:4883: $? = 0
configure:4883: result: yes
configure:4883: checking for sys/types.h
configure:4883: gcc -c -g -O2  conftest.c >&5
configure:4883: $? = 0
configure:4883: result: yes
configure:4883: checking for unistd.h
configure:4883: gcc -c -g -O2  conftest.c >&5
configure:4883: $? = 0
configure:4883: result: yes
configure:4909: checking for grep that handles long lines and -e
configure:4973: result: /usr/bin/grep
configure:4978: checking for egrep
configure:5046: result: /usr/bin/grep -E
configure:5052: checking for stdlib.h
configure:5052: result: yes
configure:5058: checking for string.h
configure:5058: result: yes
configure:5064: checking for strings.h
configure:5064: result: yes
configure:5070: checking for unistd.h
configure:5070: result: yes
configure:5078: checking for exp in -lm
configure:5101: gcc -o conftest -g -O2   conftest.c -lm   >&5
conftest.c:33:6: warning: conflicting types for built-in function 'exp'; expected 'double(double)' [-Wbuiltin-declaration-mismatch]
   33 | char exp ();
      |      ^~~
conftest.c:1:1: note: 'exp' is declared in header '<math.h>'
    1 | /* confdefs.h */
configure:5101: $? = 0
configure:5111: result: yes
configure:5122: checking for an ANSI C-conforming const
configure:5189: gcc -c -g -O2  conftest.c >&5
configure:5189: $? = 0
configure:5197: result: yes
configure:5310: checking that generated files are newer than configure
configure:5316: result: done
configure:5347: creating ./config.status

## ---------------------- ##
## Running config.status. ##
## ---------------------- ##

This file was extended by kinfold config.status 1.4, which was
generated by GNU Autoconf 2.71.  Invocation command line was

  CONFIG_FILES    = 
  CONFIG_HEADERS  = 
  CONFIG_LINKS    = 
  CONFIG_COMMANDS = 
  $ ./config.status 

on gnye8-IdeaPad-Flex-5-14ARE05

config.status:873: creating Example/Makefile
config.status:873: creating Makefile
config.status:873: creating config.h
config.status:1102: executing depfiles commands
config.status:1179: cd .       && sed -e '/# am--include-marker/d' Makefile         | make -f - am--depfiles
config.status:1184: $? = 0

## ---------------- ##
## Cache variables. ##
## ---------------- ##

ac_cv_build=x86_64-pc-linux-gnu
ac_cv_c_compiler_gnu=yes
ac_cv_c_const=yes
ac_cv_env_CC_set=set
ac_cv_env_CC_value=gcc
ac_cv_env_CFLAGS_set=set
ac_cv_env_CFLAGS_value='-g -O2'
ac_cv_env_CPPFLAGS_set=
ac_cv_env_CPPFLAGS_value=
ac_cv_env_LDFLAGS_set=
ac_cv_env_LDFLAGS_value=
ac_cv_env_LIBS_set=
ac_cv_env_LIBS_value=
ac_cv_env_PKG_CONFIG_LIBDIR_set=
ac_cv_env_PKG_CONFIG_LIBDIR_value=
ac_cv_env_PKG_CONFIG_PATH_set=set
ac_cv_env_PKG_CONFIG_PATH_value=/home/gnye8/Desktop/PK_research/RNA_structure_programs/ViennaRNA-2.4.18/libtool/pkgconfig:/home/gnye8/Desktop/PK_research/RNA_structure_programs/ViennaRNA-2.4.18/libtool/pkgconfig:/home/gnye8/Desktop/PK_research/RNA_structure_programs/ViennaRNA-2.4.18/RNAlib2.pc/pkgconfig:/home/gnye8/Desktop/PK_research/RNA_structure_programs/ViennaRNA-2.4.18/lib/pkgconfig:
ac_cv_env_PKG_CONFIG_set=
ac_cv_env_PKG_CONFIG_value=
ac_cv_env_VRNA2_CFLAGS_set=
ac_cv_env_VRNA2_CFLAGS_value=
ac_cv_env_VRNA2_LIBS_set=
ac_cv_env_VRNA2_LIBS_value=
ac_cv_env_VRNA_CFLAGS_set=set
ac_cv_env_VRNA_CFLAGS_value='-I$(top_srcdir)/../../src/ViennaRNA -I$(top_srcdir)/../../src'
ac_cv_env_VRNA_LIBS_set=set
ac_cv_env_VRNA_LIBS_value='-fno-strict-aliasing -flto -L$(top_builddir)/../../src/ViennaRNA -lRNA -fopenmp -lpthread -lstdc++'
ac_cv_env_build_alias_set=
ac_cv_env_build_alias_value=
ac_cv_env_host_alias_set=
ac_cv_env_host_alias_value=
ac_cv_env_target_alias_set=
ac_cv_env_target_alias_value=
ac_cv_func_memset=yes
ac_cv_func_strchr=yes
ac_cv_func_strdup=yes
ac_cv_header_inttypes_h=yes
ac_cv_header_stdint_h=yes
ac_cv_header_stdio_h=yes
ac_cv_header_stdlib_h=yes
ac_cv_header_string_h=yes
ac_cv_header_strings_h=yes
ac_cv_header_sys_stat_h=yes
ac_cv_header_sys_types_h=yes
ac_cv_header_unistd_h=yes
ac_cv_host=x86_64-pc-linux-gnu
ac_cv_lib_m_exp=yes
ac_cv_objext=o
ac_cv_path_EGREP='/usr/bin/grep -E'
ac_cv_path_GREP=/usr/bin/grep
ac_cv_path_ac_pt_PKG_CONFIG=/usr/bin/pkg-config
ac_cv_path_install='/usr/bin/install -c'
ac_cv_path_mkdir=/usr/bin/mkdir
ac_cv_prog_AWK=mawk
ac_cv_prog_ac_ct_CC=gcc
ac_cv_prog_cc_c11=
ac_cv_prog_cc_g=yes
ac_cv_prog_cc_stdc=
ac_cv_prog_make_make_set=yes
am_cv_CC_dependencies_compiler_type=gcc3
am_cv_make_support_nested_variables=yes
am_cv_prog_cc_c_o=yes
pkg_cv_VRNA_CFLAGS='-I$(top_srcdir)/../../src/ViennaRNA -I$(top_srcdir)/../../src'
pkg_cv_VRNA_LIBS='-fno-strict-aliasing -flto -L$(top_builddir)/../../src/ViennaRNA -lRNA -fopenmp -lpthread -lstdc++'

## ----------------- ##
## Output variables. ##
## ----------------- ##

ACLOCAL='${SHELL} '\''/home/gnye8/Desktop/PK_research/RNA_structure_programs/ViennaRNA-2.4.18/src/Kinfold/missing'\'' aclocal-1.16'
AMDEPBACKSLASH='\'
AMDEP_FALSE='#'
AMDEP_TRUE=''
AMTAR='$${TAR-tar}'
AM_BACKSLASH='\'
AM_DEFAULT_V='$(AM_DEFAULT_VERBOSITY)'
AM_DEFAULT_VERBOSITY='0'
AM_V='$(V)'
AUTOCONF='${SHELL} '\''/home/gnye8/Desktop/PK_research/RNA_structure_programs/ViennaRNA-2.4.18/src/Kinfold/missing'\'' autoconf'
AUTOHEADER='${SHELL} '\''/home/gnye8/Desktop/PK_research/RNA_structure_programs/ViennaRNA-2.4.18/src/Kinfold/missing'\'' autoheader'
AUTOMAKE='${SHELL} '\''/home/gnye8/Desktop/PK_research/RNA_structure_programs/ViennaRNA-2.4.18/src/Kinfold/missing'\'' automake-1.16'
AWK='mawk'
CC='gcc'
CCDEPMODE='depmode=gcc3'
CFLAGS='-g -O2'
CPPFLAGS=''
CYGPATH_W='echo'
DEFS='-DHAVE_CONFIG_H'
DEPDIR='.deps'
ECHO_C=''
ECHO_N='-n'
ECHO_T=''
EGREP='/usr/bin/grep -E'
EXEEXT=''
GREP='/usr/bin/grep'
INSTALL_DATA='${INSTALL} -m 644'
INSTALL_PROGRAM='${INSTALL}'
INSTALL_SCRIPT='${INSTALL}'
INSTALL_STRIP_PROGRAM='$(install_sh) -c -s'
ISODATE='2021-10-10'
LDFLAGS=''
LIBOBJS=''
LIBS='-lm '
LTLIBOBJS=''
MAKEINFO='${SHELL} '\''/home/gnye8/Desktop/PK_research/RNA_structure_programs/ViennaRNA-2.4.18/src/Kinfold/missing'\'' makeinfo'
MKDIR_P='/usr/bin/mkdir -p'
OBJEXT='o'
PACKAGE='Kinfold'
PACKAGE_BUGREPORT='rna@tbi.univie.ac.at'
PACKAGE_NAME='kinfold'
PACKAGE_STRING='kinfold 1.4'
PACKAGE_TARNAME='Kinfold'
PACKAGE_URL=''
PACKAGE_VERSION='1.4'
PATH_SEPARATOR=':'
PKG_CONFIG='/usr/bin/pkg-config'
PKG_CONFIG_LIBDIR=''
PKG_CONFIG_PATH='/home/gnye8/Desktop/PK_research/RNA_structure_programs/ViennaRNA-2.4.18/libtool/pkgconfig:/home/gnye8/Desktop/PK_research/RNA_structure_programs/ViennaRNA-2.4.18/libtool/pkgconfig:/home/gnye8/Desktop/PK_research/RNA_structure_programs/ViennaRNA-2.4.18/RNAlib2.pc/pkgconfig:/home/gnye8/Desktop/PK_research/RNA_structure_programs/ViennaRNA-2.4.18/lib/pkgconfig:'
SET_MAKE=''
SHELL='/bin/bash'
STRIP=''
VERSION='1.4'
VRNA2_CFLAGS=''
VRNA2_LIBS=''
VRNA_CFLAGS='-I$(top_srcdir)/../../src/ViennaRNA -I$(top_srcdir)/../../src'
VRNA_LIBS='-fno-strict-aliasing -flto -L$(top_builddir)/../../src/ViennaRNA -lRNA -fopenmp -lpthread -lstdc++'
WITH_LIBRNA_API2_FALSE=''
WITH_LIBRNA_API2_TRUE='#'
WITH_LIBRNA_API3_FALSE='#'
WITH_LIBRNA_API3_TRUE=''
ac_ct_CC='gcc'
am__EXEEXT_FALSE=''
am__EXEEXT_TRUE='#'
am__fastdepCC_FALSE='#'
am__fastdepCC_TRUE=''
am__include='include'
am__isrc=''
am__leading_dot='.'
am__nodep='_no'
am__quote=''
am__tar='$${TAR-tar} chof - "$$tardir"'
am__untar='$${TAR-tar} xf -'
bindir='${exec_prefix}/bin'
build='x86_64-pc-linux-gnu'
build_alias=''
build_cpu='x86_64'
build_os='linux-gnu'
build_vendor='pc'
datadir='${datarootdir}'
datarootdir='${prefix}/share'
docdir='${datarootdir}/doc/${PACKAGE_TARNAME}'
dvidir='${docdir}'
exec_prefix='${prefix}'
host='x86_64-pc-linux-gnu'
host_alias=''
host_cpu='x86_64'
host_os='linux-gnu'
host_vendor='pc'
htmldir='${docdir}'
includedir='${prefix}/include'
infodir='${datarootdir}/info'
install_sh='${SHELL} /home/gnye8/Desktop/PK_research/RNA_structure_programs/ViennaRNA-2.4.18/src/Kinfold/install-sh'
libdir='${exec_prefix}/lib'
libexecdir='${exec_prefix}/libexec'
localedir='${datarootdir}/locale'
localstatedir='${prefix}/var'
mandir='${datarootdir}/man'
mkdir_p='$(MKDIR_P)'
oldincludedir='/usr/include'
pdfdir='${docdir}'
prefix='/home/gnye8/Desktop/PK_research/RNA_structure_programs/ViennaRNA-2.4.18/bin'
program_transform_name='s,x,x,'
psdir='${docdir}'
runstatedir='${localstatedir}/run'
sbindir='${exec_prefix}/sbin'
sharedstatedir='${prefix}/com'
sysconfdir='${prefix}/etc'
target_alias=''

## ----------- ##
## confdefs.h. ##
## ----------- ##

/* confdefs.h */
#define PACKAGE_NAME "kinfold"
#define PACKAGE_TARNAME "Kinfold"
#define PACKAGE_VERSION "1.4"
#define PACKAGE_STRING "kinfold 1.4"
#define PACKAGE_BUGREPORT "rna@tbi.univie.ac.at"
#define PACKAGE_URL ""
#define PACKAGE "Kinfold"
#define VERSION "1.4"
#define HAVE_STRDUP 1
#define HAVE_MEMSET 1
#define HAVE_STRCHR 1
#define HAVE_LIBRNA_API3 1
#define HAVE_STDIO_H 1
#define HAVE_STDLIB_H 1
#define HAVE_STRING_H 1
#define HAVE_INTTYPES_H 1
#define HAVE_STDINT_H 1
#define HAVE_STRINGS_H 1
#define HAVE_SYS_STAT_H 1
#define HAVE_SYS_TYPES_H 1
#define HAVE_UNISTD_H 1
#define STDC_HEADERS 1
#define HAVE_STDLIB_H 1
#define HAVE_STRING_H 1
#define HAVE_STRINGS_H 1
#define HAVE_UNISTD_H 1
#define HAVE_LIBM 1

configure: exit 0
