This file contains any messages produced by compilers while
running configure, to aid debugging if configure makes a mistake.

It was created by GLPK configure 4.41, which was
generated by GNU Autoconf 2.63.  Invocation command line was

  $ ./configure 

## --------- ##
## Platform. ##
## --------- ##

hostname = gnye8-IdeaPad-Flex-5-14ARE05
uname -m = x86_64
uname -r = 5.11.0-37-generic
uname -s = Linux
uname -v = #41~20.04.2-Ubuntu SMP Fri Sep 24 09:06:38 UTC 2021

/usr/bin/uname -p = x86_64
/bin/uname -X     = unknown

/bin/arch              = x86_64
/usr/bin/arch -k       = unknown
/usr/convex/getsysinfo = unknown
/usr/bin/hostinfo      = unknown
/bin/machine           = unknown
/usr/bin/oslevel       = unknown
/bin/universe          = unknown

PATH: /home/gnye8/anaconda3/bin
PATH: /home/gnye8/anaconda3/condabin
PATH: /usr/local/sbin
PATH: /usr/local/bin
PATH: /usr/sbin
PATH: /usr/bin
PATH: /sbin
PATH: /bin
PATH: /usr/games
PATH: /usr/local/games
PATH: /snap/bin


## ----------- ##
## Core tests. ##
## ----------- ##

configure:1947: checking for a BSD-compatible install
configure:2015: result: /usr/bin/install -c
configure:2026: checking whether build environment is sane
configure:2069: result: yes
configure:2094: checking for a thread-safe mkdir -p
configure:2133: result: /usr/bin/mkdir -p
configure:2146: checking for gawk
configure:2176: result: no
configure:2146: checking for mawk
configure:2162: found /usr/bin/mawk
configure:2173: result: mawk
configure:2184: checking whether make sets $(MAKE)
configure:2206: result: yes
configure:2513: checking for gcc
configure:2529: found /usr/bin/gcc
configure:2540: result: gcc
configure:2772: checking for C compiler version
configure:2780: gcc --version >&5
gcc (Ubuntu 9.3.0-17ubuntu1~20.04) 9.3.0
Copyright (C) 2019 Free Software Foundation, Inc.
This is free software; see the source for copying conditions.  There is NO
warranty; not even for MERCHANTABILITY or FITNESS FOR A PARTICULAR PURPOSE.

configure:2784: $? = 0
configure:2791: gcc -v >&5
Using built-in specs.
COLLECT_GCC=gcc
COLLECT_LTO_WRAPPER=/usr/lib/gcc/x86_64-linux-gnu/9/lto-wrapper
OFFLOAD_TARGET_NAMES=nvptx-none:hsa
OFFLOAD_TARGET_DEFAULT=1
Target: x86_64-linux-gnu
Configured with: ../src/configure -v --with-pkgversion='Ubuntu 9.3.0-17ubuntu1~20.04' --with-bugurl=file:///usr/share/doc/gcc-9/README.Bugs --enable-languages=c,ada,c++,go,brig,d,fortran,objc,obj-c++,gm2 --prefix=/usr --with-gcc-major-version-only --program-suffix=-9 --program-prefix=x86_64-linux-gnu- --enable-shared --enable-linker-build-id --libexecdir=/usr/lib --without-included-gettext --enable-threads=posix --libdir=/usr/lib --enable-nls --enable-clocale=gnu --enable-libstdcxx-debug --enable-libstdcxx-time=yes --with-default-libstdcxx-abi=new --enable-gnu-unique-object --disable-vtable-verify --enable-plugin --enable-default-pie --with-system-zlib --with-target-system-zlib=auto --enable-objc-gc=auto --enable-multiarch --disable-werror --with-arch-32=i686 --with-abi=m64 --with-multilib-list=m32,m64,mx32 --enable-multilib --with-tune=generic --enable-offload-targets=nvptx-none=/build/gcc-9-HskZEa/gcc-9-9.3.0/debian/tmp-nvptx/usr,hsa --without-cuda-driver --enable-checking=release --build=x86_64-linux-gnu --host=x86_64-linux-gnu --target=x86_64-linux-gnu
Thread model: posix
gcc version 9.3.0 (Ubuntu 9.3.0-17ubuntu1~20.04) 
configure:2795: $? = 0
configure:2802: gcc -V >&5
gcc: error: unrecognized command line option '-V'
gcc: fatal error: no input files
compilation terminated.
configure:2806: $? = 1
configure:2829: checking for C compiler default output file name
configure:2851: gcc    conftest.c  >&5
configure:2855: $? = 0
configure:2893: result: a.out
configure:2912: checking whether the C compiler works
configure:2922: ./a.out
configure:2926: $? = 0
configure:2945: result: yes
configure:2952: checking whether we are cross compiling
configure:2954: result: no
configure:2957: checking for suffix of executables
configure:2964: gcc -o conftest    conftest.c  >&5
configure:2968: $? = 0
configure:2994: result: 
configure:3000: checking for suffix of object files
configure:3026: gcc -c   conftest.c >&5
configure:3030: $? = 0
configure:3055: result: o
configure:3059: checking whether we are using the GNU C compiler
configure:3088: gcc -c   conftest.c >&5
configure:3095: $? = 0
configure:3112: result: yes
configure:3121: checking whether gcc accepts -g
configure:3151: gcc -c -g  conftest.c >&5
configure:3158: $? = 0
configure:3259: result: yes
configure:3276: checking for gcc option to accept ISO C89
configure:3350: gcc  -c -g -O2  conftest.c >&5
configure:3357: $? = 0
configure:3380: result: none needed
configure:3409: checking for style of include used by make
configure:3437: result: GNU
configure:3462: checking dependency style of gcc
configure:3553: result: gcc3
configure:3582: checking for a BSD-compatible install
configure:3650: result: /usr/bin/install -c
configure:3692: checking build system type
configure:3710: result: x86_64-unknown-linux-gnu
configure:3732: checking host system type
configure:3747: result: x86_64-unknown-linux-gnu
configure:3790: checking how to print strings
configure:3817: result: printf
configure:3838: checking for a sed that does not truncate output
configure:3904: result: /usr/bin/sed
configure:3922: checking for grep that handles long lines and -e
configure:3982: result: /usr/bin/grep
configure:3987: checking for egrep
configure:4051: result: /usr/bin/grep -E
configure:4056: checking for fgrep
configure:4120: result: /usr/bin/grep -F
configure:4155: checking for ld used by gcc
configure:4222: result: /usr/bin/ld
configure:4231: checking if the linker (/usr/bin/ld) is GNU ld
configure:4246: result: yes
configure:4258: checking for BSD- or MS-compatible name lister (nm)
configure:4307: result: /usr/bin/nm -B
configure:4437: checking the name lister (/usr/bin/nm -B) interface
configure:4454: gcc -c -g -O2  conftest.c >&5
configure:4457: /usr/bin/nm -B "conftest.o"
configure:4460: output
0000000000000000 B some_variable
configure:4451: result: BSD nm
configure:4454: checking whether ln -s works
configure:4458: result: yes
configure:4466: checking the maximum length of command line arguments
configure:4586: result: 1572864
configure:4603: checking whether the shell understands some XSI constructs
configure:4612: result: yes
configure:4616: checking whether the shell understands "+="
configure:4620: result: yes
configure:4655: checking how to convert x86_64-unknown-linux-gnu paths to x86_64-unknown-linux-gnu format
configure:4695: result: func_noop_path_convert
configure:4697: checking how to convert x86_64-unknown-linux-gnu paths to toolchain format
configure:4737: result: func_noop_path_convert
configure:4748: checking for /usr/bin/ld option to reload object files
configure:4755: result: -r
configure:4824: checking for objdump
configure:4840: found /usr/bin/objdump
configure:4851: result: objdump
configure:4883: checking how to recognize dependent libraries
configure:5079: result: pass_all
configure:5139: checking for dlltool
configure:5169: result: no
configure:5199: checking how to associate runtime and link libraries
configure:5226: result: printf %s\n
configure:5286: checking for ar
configure:5302: found /usr/bin/ar
configure:5313: result: ar
configure:5344: checking the archiver (ar) interface
configure:5370: gcc -c -g -O2  conftest.c >&5
ar: invalid option -- 'L'
Usage: ar [emulation options] [-]{dmpqrstx}[abcDfilMNoOPsSTuvV] [--plugin <name>] [member-name] [count] archive-file file...
       ar -M [<mri-script]
 commands:
  d            - delete file(s) from the archive
  m[ab]        - move file(s) in the archive
  p            - print file(s) found in the archive
  q[f]         - quick append file(s) to the archive
  r[ab][f][u]  - replace existing or insert new file(s) into the archive
  s            - act as ranlib
  t[O][v]      - display contents of the archive
  x[o]         - extract file(s) from the archive
 command specific modifiers:
  [a]          - put file(s) after [member-name]
  [b]          - put file(s) before [member-name] (same as [i])
  [D]          - use zero for timestamps and uids/gids (default)
  [U]          - use actual timestamps and uids/gids
  [N]          - use instance [count] of name
  [f]          - truncate inserted file names
  [P]          - use full path names when matching
  [o]          - preserve original dates
  [O]          - display offsets of files in the archive
  [u]          - only replace files that are newer than current archive contents
 generic modifiers:
  [c]          - do not warn if the library had to be created
  [s]          - create an archive index (cf. ranlib)
  [S]          - do not build a symbol table
  [T]          - make a thin archive
  [v]          - be verbose
  [V]          - display the version number
  @<file>      - read options from <file>
  --target=BFDNAME - specify the target object format as BFDNAME
  --output=DIRNAME - specify the output directory for extraction operations
 optional:
  --plugin <p> - load the specified plugin
 emulation options: 
  No emulation specific options
ar: supported targets: elf64-x86-64 elf32-i386 elf32-iamcu elf32-x86-64 pei-i386 pei-x86-64 elf64-l1om elf64-k1om elf64-little elf64-big elf32-little elf32-big pe-x86-64 pe-bigobj-x86-64 pe-i386 srec symbolsrec verilog tekhex binary ihex plugin
configure:5355: result: ar
configure:5486: checking for strip
configure:5502: found /usr/bin/strip
configure:5513: result: strip
configure:5585: checking for ranlib
configure:5601: found /usr/bin/ranlib
configure:5612: result: ranlib
configure:5702: checking command to parse /usr/bin/nm -B output from gcc object
configure:5820: gcc -c -g -O2  conftest.c >&5
configure:5823: $? = 0
configure:5827: /usr/bin/nm -B conftest.o \| sed -n -e 's/^.*[	 ]\([ABCDGIRSTW][ABCDGIRSTW]*\)[	 ][	 ]*\([_A-Za-z][_A-Za-z0-9]*\)$/\1 \2 \2/p' \> conftest.nm
configure:5830: $? = 0
configure:5884: gcc -o conftest -g -O2   conftest.c conftstm.o >&5
configure:5887: $? = 0
configure:5925: result: ok
configure:6021: gcc -c -g -O2  conftest.c >&5
configure:6024: $? = 0
configure:6792: checking how to run the C preprocessor
configure:6832: gcc -E  conftest.c
configure:6839: $? = 0
configure:6870: gcc -E  conftest.c
conftest.c:10:10: fatal error: ac_nonexistent.h: No such file or directory
   10 | #include <ac_nonexistent.h>
      |          ^~~~~~~~~~~~~~~~~~
compilation terminated.
configure:6877: $? = 1
configure: failed program was:
| /* confdefs.h.  */
| #define PACKAGE_NAME "GLPK"
| #define PACKAGE_TARNAME "glpk"
| #define PACKAGE_VERSION "4.41"
| #define PACKAGE_STRING "GLPK 4.41"
| #define PACKAGE_BUGREPORT "bug-glpk@gnu.org"
| #define PACKAGE "glpk"
| #define VERSION "4.41"
| /* end confdefs.h.  */
| #include <ac_nonexistent.h>
configure:6910: result: gcc -E
configure:6939: gcc -E  conftest.c
configure:6946: $? = 0
configure:6977: gcc -E  conftest.c
conftest.c:10:10: fatal error: ac_nonexistent.h: No such file or directory
   10 | #include <ac_nonexistent.h>
      |          ^~~~~~~~~~~~~~~~~~
compilation terminated.
configure:6984: $? = 1
configure: failed program was:
| /* confdefs.h.  */
| #define PACKAGE_NAME "GLPK"
| #define PACKAGE_TARNAME "glpk"
| #define PACKAGE_VERSION "4.41"
| #define PACKAGE_STRING "GLPK 4.41"
| #define PACKAGE_BUGREPORT "bug-glpk@gnu.org"
| #define PACKAGE "glpk"
| #define VERSION "4.41"
| /* end confdefs.h.  */
| #include <ac_nonexistent.h>
configure:7024: checking for ANSI C header files
configure:7054: gcc -c -g -O2  conftest.c >&5
configure:7061: $? = 0
configure:7160: gcc -o conftest -g -O2   conftest.c  >&5
configure:7164: $? = 0
configure:7170: ./conftest
configure:7174: $? = 0
configure:7192: result: yes
configure:7216: checking for sys/types.h
configure:7237: gcc -c -g -O2  conftest.c >&5
configure:7244: $? = 0
configure:7261: result: yes
configure:7216: checking for sys/stat.h
configure:7237: gcc -c -g -O2  conftest.c >&5
configure:7244: $? = 0
configure:7261: result: yes
configure:7216: checking for stdlib.h
configure:7237: gcc -c -g -O2  conftest.c >&5
configure:7244: $? = 0
configure:7261: result: yes
configure:7216: checking for string.h
configure:7237: gcc -c -g -O2  conftest.c >&5
configure:7244: $? = 0
configure:7261: result: yes
configure:7216: checking for memory.h
configure:7237: gcc -c -g -O2  conftest.c >&5
configure:7244: $? = 0
configure:7261: result: yes
configure:7216: checking for strings.h
configure:7237: gcc -c -g -O2  conftest.c >&5
configure:7244: $? = 0
configure:7261: result: yes
configure:7216: checking for inttypes.h
configure:7237: gcc -c -g -O2  conftest.c >&5
configure:7244: $? = 0
configure:7261: result: yes
configure:7216: checking for stdint.h
configure:7237: gcc -c -g -O2  conftest.c >&5
configure:7244: $? = 0
configure:7261: result: yes
configure:7216: checking for unistd.h
configure:7237: gcc -c -g -O2  conftest.c >&5
configure:7244: $? = 0
configure:7261: result: yes
configure:7279: checking for dlfcn.h
configure:7300: gcc -c -g -O2  conftest.c >&5
configure:7307: $? = 0
configure:7324: result: yes
configure:7513: checking for objdir
configure:7528: result: .libs
configure:7794: checking if gcc supports -fno-rtti -fno-exceptions
configure:7836: gcc -c -g -O2  -fno-rtti -fno-exceptions conftest.c >&5
cc1: warning: command line option '-fno-rtti' is valid for C++/D/ObjC++ but not for C
configure:7840: $? = 0
configure:7829: result: no
configure:7849: checking for gcc option to produce PIC
configure:8121: result: -fPIC -DPIC
configure:8133: checking if gcc PIC flag -fPIC -DPIC works
configure:8175: gcc -c -g -O2  -fPIC -DPIC -DPIC conftest.c >&5
configure:8179: $? = 0
configure:8168: result: yes
configure:8192: checking if gcc static flag -static works
configure:8220: result: yes
configure:8235: checking if gcc supports -c -o file.o
configure:8280: gcc -c -g -O2  -o out/conftest2.o conftest.c >&5
configure:8284: $? = 0
configure:8282: result: yes
configure:8290: checking if gcc supports -c -o file.o
configure:8337: result: yes
configure:8370: checking whether the gcc linker (/usr/bin/ld -m elf_x86_64) supports shared libraries
configure:9484: result: yes
configure:9521: checking whether -lc should be explicitly linked in
configure:9529: gcc -c -g -O2  conftest.c >&5
configure:9532: $? = 0
configure:9547: gcc -shared conftest.o  -v -Wl,-soname -Wl,conftest -o conftest 2\>\&1 \| /usr/bin/grep  -lc  \>/dev/null 2\>\&1
configure:9550: $? = 0
configure:9564: result: no
configure:9729: checking dynamic linker characteristics
configure:10185: gcc -o conftest -g -O2   -Wl,-rpath -Wl,/foo conftest.c  >&5
configure:10192: $? = 0
configure:10429: result: GNU/Linux ld.so
configure:10536: checking how to hardcode library paths into programs
configure:10561: result: immediate
configure:11394: checking whether stripping libraries is possible
configure:11399: result: yes
configure:11434: checking if libtool supports shared libraries
configure:11436: result: yes
configure:11439: checking whether to build shared libraries
configure:11460: result: yes
configure:11463: checking whether to build static libraries
configure:11467: result: yes
configure:8288: checking for exp in -lm
configure:8323: gcc -o conftest -g -O2   conftest.c -lm   >&5
conftest.c:29:6: warning: conflicting types for built-in function 'exp'; expected 'double(double)' [-Wbuiltin-declaration-mismatch]
   29 | char exp ();
      |      ^~~
conftest.c:1:1: note: 'exp' is declared in header '<math.h>'
    1 | /* confdefs.h.  */
configure:8330: $? = 0
configure:8351: result: yes
configure:8367: checking for vsnprintf
configure:8423: gcc -o conftest -g -O2   conftest.c -lm  >&5
conftest.c:46:6: warning: conflicting types for built-in function 'vsnprintf'; expected 'int(char *, long unsigned int,  const char *, __va_list_tag *)' [-Wbuiltin-declaration-mismatch]
   46 | char vsnprintf ();
      |      ^~~~~~~~~
conftest.c:34:1: note: 'vsnprintf' is declared in header '<stdio.h>'
   33 | # include <limits.h>
   34 | #else
configure:8430: $? = 0
configure:8452: result: yes
configure:8465: checking whether to use GNU MP bignum library
configure:8477: result: no
configure:8481: checking whether to use zlib data compression library
configure:8493: result: no
configure:8497: checking whether to enable shared library support
configure:8526: result: no
configure:8530: checking whether to enable MathProg ODBC support
configure:8559: result: no
configure:8563: checking whether to enable MathProg MySQL support
configure:8580: result: no
configure:8694: creating ./config.status

## ---------------------- ##
## Running config.status. ##
## ---------------------- ##

This file was extended by GLPK config.status 4.41, which was
generated by GNU Autoconf 2.63.  Invocation command line was

  CONFIG_FILES    = 
  CONFIG_HEADERS  = 
  CONFIG_LINKS    = 
  CONFIG_COMMANDS = 
  $ ./config.status 

on gnye8-IdeaPad-Flex-5-14ARE05

config.status:1002: creating include/Makefile
config.status:1002: creating src/Makefile
config.status:1002: creating examples/Makefile
config.status:1002: creating Makefile
config.status:1002: creating config.h
config.status:1276: executing depfiles commands
config.status:1276: executing libtool commands

## ---------------- ##
## Cache variables. ##
## ---------------- ##

ac_cv_build=x86_64-unknown-linux-gnu
ac_cv_c_compiler_gnu=yes
ac_cv_env_CC_set=
ac_cv_env_CC_value=
ac_cv_env_CFLAGS_set=
ac_cv_env_CFLAGS_value=
ac_cv_env_CPPFLAGS_set=
ac_cv_env_CPPFLAGS_value=
ac_cv_env_CPP_set=
ac_cv_env_CPP_value=
ac_cv_env_LDFLAGS_set=
ac_cv_env_LDFLAGS_value=
ac_cv_env_LIBS_set=
ac_cv_env_LIBS_value=
ac_cv_env_build_alias_set=
ac_cv_env_build_alias_value=
ac_cv_env_host_alias_set=
ac_cv_env_host_alias_value=
ac_cv_env_target_alias_set=
ac_cv_env_target_alias_value=
ac_cv_func_vsnprintf=yes
ac_cv_header_dlfcn_h=yes
ac_cv_header_inttypes_h=yes
ac_cv_header_memory_h=yes
ac_cv_header_stdc=yes
ac_cv_header_stdint_h=yes
ac_cv_header_stdlib_h=yes
ac_cv_header_string_h=yes
ac_cv_header_strings_h=yes
ac_cv_header_sys_stat_h=yes
ac_cv_header_sys_types_h=yes
ac_cv_header_unistd_h=yes
ac_cv_host=x86_64-unknown-linux-gnu
ac_cv_lib_m_exp=yes
ac_cv_objext=o
ac_cv_path_EGREP='/usr/bin/grep -E'
ac_cv_path_FGREP='/usr/bin/grep -F'
ac_cv_path_GREP=/usr/bin/grep
ac_cv_path_SED=/usr/bin/sed
ac_cv_path_install='/usr/bin/install -c'
ac_cv_path_mkdir=/usr/bin/mkdir
ac_cv_prog_AWK=mawk
ac_cv_prog_CPP='gcc -E'
ac_cv_prog_ac_ct_AR=ar
ac_cv_prog_ac_ct_CC=gcc
ac_cv_prog_ac_ct_OBJDUMP=objdump
ac_cv_prog_ac_ct_RANLIB=ranlib
ac_cv_prog_ac_ct_STRIP=strip
ac_cv_prog_cc_c89=
ac_cv_prog_cc_g=yes
ac_cv_prog_make_make_set=yes
am_cv_CC_dependencies_compiler_type=gcc3
lt_cv_ar_interface=ar
lt_cv_archive_cmds_need_lc=no
lt_cv_deplibs_check_method=pass_all
lt_cv_file_magic_cmd='$MAGIC_CMD'
lt_cv_file_magic_test_file=
lt_cv_ld_reload_flag=-r
lt_cv_nm_interface='BSD nm'
lt_cv_objdir=.libs
lt_cv_path_LD=/usr/bin/ld
lt_cv_path_NM='/usr/bin/nm -B'
lt_cv_prog_compiler_c_o=yes
lt_cv_prog_compiler_pic_works=yes
lt_cv_prog_compiler_rtti_exceptions=no
lt_cv_prog_compiler_static_works=yes
lt_cv_prog_gnu_ld=yes
lt_cv_sharedlib_from_linklib_cmd='printf %s\n'
lt_cv_shlibpath_overrides_runpath=yes
lt_cv_sys_global_symbol_pipe='sed -n -e '\''s/^.*[	 ]\([ABCDGIRSTW][ABCDGIRSTW]*\)[	 ][	 ]*\([_A-Za-z][_A-Za-z0-9]*\)$/\1 \2 \2/p'\'''
lt_cv_sys_global_symbol_to_c_name_address='sed -n -e '\''s/^: \([^ ]*\)[ ]*$/  {\"\1\", (void *) 0},/p'\'' -e '\''s/^[ABCDGIRSTW]* \([^ ]*\) \([^ ]*\)$/  {"\2", (void *) \&\2},/p'\'''
lt_cv_sys_global_symbol_to_c_name_address_lib_prefix='sed -n -e '\''s/^: \(lib[^ ]*\)[ ]*$/  {\"\1\", (void *) 0},/p'\'' -e '\''s/^: \([^ ]*\)[ ]*$/  {\"lib\1\", (void *) 0},/p'\'' -e '\''s/^[ABCDGIRSTW]* \([^ ]*\) \(lib[^ ]*\)$/  {"\2", (void *) \&\2},/p'\'' -e '\''s/^[ABCDGIRSTW]* \([^ ]*\) \([^ ]*\)$/  {"lib\2", (void *) \&\2},/p'\'''
lt_cv_sys_global_symbol_to_cdecl='sed -n -e '\''s/^T .* \(.*\)$/extern int \1();/p'\'' -e '\''s/^[ABCDGIRSTW]* .* \(.*\)$/extern char \1;/p'\'''
lt_cv_sys_max_cmd_len=1572864
lt_cv_to_host_path_cmd=func_noop_path_convert
lt_cv_to_tool_path_cmd=func_noop_path_convert

## ----------------- ##
## Output variables. ##
## ----------------- ##

ACLOCAL='${SHELL} /home/gnye8/Desktop/PK_research/PK_predictors/glpk-4.41/missing --run aclocal-1.10'
AMDEPBACKSLASH='\'
AMDEP_FALSE='#'
AMDEP_TRUE=''
AMTAR='${SHELL} /home/gnye8/Desktop/PK_research/PK_predictors/glpk-4.41/missing --run tar'
AR='ar'
AR_FLAGS='cru'
AUTOCONF='${SHELL} /home/gnye8/Desktop/PK_research/PK_predictors/glpk-4.41/missing --run autoconf'
AUTOHEADER='${SHELL} /home/gnye8/Desktop/PK_research/PK_predictors/glpk-4.41/missing --run autoheader'
AUTOMAKE='${SHELL} /home/gnye8/Desktop/PK_research/PK_predictors/glpk-4.41/missing --run automake-1.10'
AWK='mawk'
CC='gcc'
CCDEPMODE='depmode=gcc3'
CFLAGS='-g -O2'
CPP='gcc -E'
CPPFLAGS=''
CYGPATH_W='echo'
DEFS='-DHAVE_CONFIG_H'
DEPDIR='.deps'
DLLTOOL='false'
DSYMUTIL=''
DUMPBIN=''
ECHO_C=''
ECHO_N='-n'
ECHO_T=''
EGREP='/usr/bin/grep -E'
EXEEXT=''
FGREP='/usr/bin/grep -F'
GREP='/usr/bin/grep'
INSTALL_DATA='${INSTALL} -m 644'
INSTALL_PROGRAM='${INSTALL}'
INSTALL_SCRIPT='${INSTALL}'
INSTALL_STRIP_PROGRAM='$(install_sh) -c -s'
LD='/usr/bin/ld -m elf_x86_64'
LDFLAGS=''
LIBOBJS=''
LIBS='-lm '
LIBTOOL='$(SHELL) $(top_builddir)/libtool'
LIPO=''
LN_S='ln -s'
LTLIBOBJS=''
LT_AR='$(AR)'
LT_ARFLAGS='$(AR_FLAGS)'
MAKEINFO='${SHELL} /home/gnye8/Desktop/PK_research/PK_predictors/glpk-4.41/missing --run makeinfo'
MKDIR_P='/usr/bin/mkdir -p'
NM='/usr/bin/nm -B'
NMEDIT=''
OBJDUMP='objdump'
OBJEXT='o'
OTOOL64=''
OTOOL=''
PACKAGE='glpk'
PACKAGE_BUGREPORT='bug-glpk@gnu.org'
PACKAGE_NAME='GLPK'
PACKAGE_STRING='GLPK 4.41'
PACKAGE_TARNAME='glpk'
PACKAGE_VERSION='4.41'
PATH_SEPARATOR=':'
RANLIB='ranlib'
SED='/usr/bin/sed'
SET_MAKE=''
SHELL='/bin/bash'
STRIP='strip'
VERSION='4.41'
ac_ct_AR='ar'
ac_ct_CC='gcc'
ac_ct_DUMPBIN=''
am__fastdepCC_FALSE='#'
am__fastdepCC_TRUE=''
am__include='include'
am__isrc=''
am__leading_dot='.'
am__quote=''
am__tar='${AMTAR} chof - "$$tardir"'
am__untar='${AMTAR} xf -'
bindir='${exec_prefix}/bin'
build='x86_64-unknown-linux-gnu'
build_alias=''
build_cpu='x86_64'
build_os='linux-gnu'
build_vendor='unknown'
datadir='${datarootdir}'
datarootdir='${prefix}/share'
docdir='${datarootdir}/doc/${PACKAGE_TARNAME}'
dvidir='${docdir}'
exec_prefix='${prefix}'
host='x86_64-unknown-linux-gnu'
host_alias=''
host_cpu='x86_64'
host_os='linux-gnu'
host_vendor='unknown'
htmldir='${docdir}'
includedir='${prefix}/include'
infodir='${datarootdir}/info'
install_sh='$(SHELL) /home/gnye8/Desktop/PK_research/PK_predictors/glpk-4.41/install-sh'
libdir='${exec_prefix}/lib'
libexecdir='${exec_prefix}/libexec'
localedir='${datarootdir}/locale'
localstatedir='${prefix}/var'
mandir='${datarootdir}/man'
mkdir_p='/usr/bin/mkdir -p'
oldincludedir='/usr/include'
pdfdir='${docdir}'
prefix='/usr/local'
program_transform_name='s,x,x,'
psdir='${docdir}'
sbindir='${exec_prefix}/sbin'
sharedstatedir='${prefix}/com'
sysconfdir='${prefix}/etc'
target_alias=''
to_host_path_cmd='func_noop_path_convert'
to_tool_path_cmd='func_noop_path_convert'

## ----------- ##
## confdefs.h. ##
## ----------- ##

#define PACKAGE_NAME "GLPK"
#define PACKAGE_TARNAME "glpk"
#define PACKAGE_VERSION "4.41"
#define PACKAGE_STRING "GLPK 4.41"
#define PACKAGE_BUGREPORT "bug-glpk@gnu.org"
#define PACKAGE "glpk"
#define VERSION "4.41"
#define STDC_HEADERS 1
#define HAVE_SYS_TYPES_H 1
#define HAVE_SYS_STAT_H 1
#define HAVE_STDLIB_H 1
#define HAVE_STRING_H 1
#define HAVE_MEMORY_H 1
#define HAVE_STRINGS_H 1
#define HAVE_INTTYPES_H 1
#define HAVE_STDINT_H 1
#define HAVE_UNISTD_H 1
#define HAVE_DLFCN_H 1
#define LT_OBJDIR ".libs/"
#define HAVE_LIBM 1
#define HAVE_VSNPRINTF 1

configure: exit 0
